#
# A fatal error has been detected by the Java Runtime Environment:
#
#  EXCEPTION_ACCESS_VIOLATION (0xc0000005) at pc=0x00007ffcbb46e0a9, pid=12484, tid=2812
#
# JRE version: OpenJDK Runtime Environment Microsoft-8035246 (17.0.8+7) (build 17.0.8+7-LTS)
# Java VM: OpenJDK 64-Bit Server VM Microsoft-8035246 (17.0.8+7-LTS, mixed mode, sharing, tiered, compressed oops, compressed class ptrs, g1 gc, windows-amd64)
# Problematic frame:
# V  [jvm.dll+0x2be0a9]
#
# No core dump will be written. Minidumps are not enabled by default on client versions of Windows
#
# If you would like to submit a bug report, please visit:
#   https://github.com/microsoft/openjdk/issues
#

---------------  S U M M A R Y ------------

Command Line: -XX:MaxMetaspaceSize=512m --add-opens=java.base/java.util=ALL-UNNAMED --add-opens=java.base/java.lang=ALL-UNNAMED --add-opens=java.base/java.lang.invoke=ALL-UNNAMED --add-opens=java.prefs/java.util.prefs=ALL-UNNAMED --add-opens=java.base/java.nio.charset=ALL-UNNAMED --add-opens=java.base/java.net=ALL-UNNAMED --add-opens=java.base/java.util.concurrent.atomic=ALL-UNNAMED -Xmx2048m -Dfile.encoding=x-windows-949 -Duser.country=KR -Duser.language=ko -Duser.variant -javaagent:C:\Users\ssk\.gradle\wrapper\dists\gradle-8.3-all\6en3ugtfdg5xnpx44z4qbwgas\gradle-8.3\lib\agents\gradle-instrumentation-agent-8.3.jar org.gradle.launcher.daemon.bootstrap.GradleDaemon 8.3

Host: Intel(R) Core(TM) i3-8145U CPU @ 2.10GHz, 4 cores, 11G,  Windows 11 , 64 bit Build 22621 (10.0.22621.3374)
Time: Mon Apr 29 13:26:34 2024  Windows 11 , 64 bit Build 22621 (10.0.22621.3374) elapsed time: 235.343014 seconds (0d 0h 3m 55s)

---------------  T H R E A D  ---------------

Current thread (0x0000016cbd8cf9a0):  JavaThread "C2 CompilerThread1" daemon [_thread_in_native, id=2812, stack(0x0000003ed1b00000,0x0000003ed1c00000)]


Current CompileTask:
C2: 235343 15863   !   4       org.gradle.cache.internal.DefaultMultiProcessSafeIndexedCache::getIfPresent (25 bytes)

Stack: [0x0000003ed1b00000,0x0000003ed1c00000],  sp=0x0000003ed1bfb470,  free space=1005k
Native frames: (J=compiled Java code, j=interpreted, Vv=VM code, C=native code)
V  [jvm.dll+0x2be0a9]
V  [jvm.dll+0x21ba8b]
V  [jvm.dll+0x21944b]
V  [jvm.dll+0x1a56b6]
V  [jvm.dll+0x2291ea]
V  [jvm.dll+0x22724c]
V  [jvm.dll+0x7efd0c]
V  [jvm.dll+0x7ea13a]
V  [jvm.dll+0x67ad85]
C  [ucrtbase.dll+0x29333]
C  [KERNEL32.DLL+0x1257d]
C  [ntdll.dll+0x5aa48]


siginfo: EXCEPTION_ACCESS_VIOLATION (0xc0000005), reading address 0x0000000000000028


Register to memory mapping:

RIP=0x00007ffcbb46e0a9 jvm.dll
RAX=0x0000016cc37be050 points into unknown readable memory: 0x0000000000000000 | 00 00 00 00 00 00 00 00
RBX=0x00000000000017d6 is an unknown value
RCX=0x0 is NULL
RDX=0x0 is NULL
RSP=0x0000003ed1bfb470 is pointing into the stack for thread: 0x0000016cbd8cf9a0
RBP=0x0000003ed1bfb4e0 is pointing into the stack for thread: 0x0000016cbd8cf9a0
RSI=0x0 is NULL
RDI=0x0000000000000048 is an unknown value
R8 =0x000000000000ffe0 is an unknown value
R9 =0x0 is NULL
R10=0x00007ffd29b80000 VCRUNTIME140.dll
R11=0x0000016cc37be070 points into unknown readable memory: 0x0000000000000000 | 00 00 00 00 00 00 00 00
R12=0x0000000000000050 is an unknown value
R13=0x0 is NULL
R14=0x0 is NULL
R15=0x0000003ed1bfe690 is pointing into the stack for thread: 0x0000016cbd8cf9a0


Registers:
RAX=0x0000016cc37be050, RBX=0x00000000000017d6, RCX=0x0000000000000000, RDX=0x0000000000000000
RSP=0x0000003ed1bfb470, RBP=0x0000003ed1bfb4e0, RSI=0x0000000000000000, RDI=0x0000000000000048
R8 =0x000000000000ffe0, R9 =0x0000000000000000, R10=0x00007ffd29b80000, R11=0x0000016cc37be070
R12=0x0000000000000050, R13=0x0000000000000000, R14=0x0000000000000000, R15=0x0000003ed1bfe690
RIP=0x00007ffcbb46e0a9, EFLAGS=0x0000000000010202

Top of Stack: (sp=0x0000003ed1bfb470)
0x0000003ed1bfb470:   00000000000017d6 0000000000000000
0x0000003ed1bfb480:   0000003ed1bfe690 00007ffcbb3d38d1
0x0000003ed1bfb490:   0000016cc4f8ff70 00007ffc00002000
0x0000003ed1bfb4a0:   0000016cc37be050 0000016c00000000
0x0000003ed1bfb4b0:   0000016c00000002 0000016cb87b42c0
0x0000003ed1bfb4c0:   0000000000000002 0000016cc4f8ff70
0x0000003ed1bfb4d0:   0000000000000000 0000000000000000
0x0000003ed1bfb4e0:   0000016cc30ff120 0000016cfaad8ce0
0x0000003ed1bfb4f0:   0000000000000048 00007ffcbbaf4c08
0x0000003ed1bfb500:   0000003ed1bfb610 00007ffcbb3cba8b
0x0000003ed1bfb510:   0000003ed1bfe690 00007ffcbbaf4c08
0x0000003ed1bfb520:   0000003ed1bfe690 0000003ed1bfb610
0x0000003ed1bfb530:   0000016c00000000 00007ffcbb7cb7fb
0x0000003ed1bfb540:   0000003e0000000f 0000003ed1bfe690
0x0000003ed1bfb550:   0000003ed1bfb6c0 0000000000000000
0x0000003ed1bfb560:   0000016c00000100 00007ffcbbaf4c08 

Instructions: (pc=0x00007ffcbb46e0a9)
0x00007ffcbb46dfa9:   3b d0 75 0b ff c1 41 3b c9 7c dc 48 8b c2 c3 33
0x00007ffcbb46dfb9:   c0 c3 cc cc cc cc cc 48 89 5c 24 18 55 56 57 41
0x00007ffcbb46dfc9:   55 41 57 48 8b ec 48 83 ec 70 65 48 8b 04 25 58
0x00007ffcbb46dfd9:   00 00 00 48 8b f2 44 8b 05 d2 8b 90 00 4c 8b f9
0x00007ffcbb46dfe9:   4a 8b 1c c0 b8 50 00 00 00 80 3c 18 00 75 05 e8
0x00007ffcbb46dff9:   8b 6f 5d 00 b8 20 00 00 00 48 8b 04 18 48 8b 98
0x00007ffcbb46e009:   38 02 00 00 48 89 5d b0 c7 45 b8 04 00 00 00 48
0x00007ffcbb46e019:   8b 43 18 48 83 f8 df 76 18 4c 8d 05 37 a9 65 00
0x00007ffcbb46e029:   ba 20 00 00 00 48 8b cb e8 5a eb de ff 48 8b 43
0x00007ffcbb46e039:   18 48 8d 48 20 48 3b 4b 20 76 11 45 33 c0 48 8b
0x00007ffcbb46e049:   cb 41 8d 50 20 e8 fd e8 de ff eb 04 48 89 4b 18
0x00007ffcbb46e059:   44 8b 45 b8 33 d2 49 c1 e0 03 48 8b c8 48 89 45
0x00007ffcbb46e069:   c0 e8 e3 80 5d 00 45 33 ed 48 8d 4d d0 44 89 6d
0x00007ffcbb46e079:   c8 e8 01 59 56 00 41 8b 9f 40 02 00 00 41 2b 9f
0x00007ffcbb46e089:   68 02 00 00 44 89 6d f0 3b 5d b8 72 0b 8b d3 48
0x00007ffcbb46e099:   8d 4d b0 e8 6f b3 39 00 48 8b 45 c0 4c 89 2c d8
0x00007ffcbb46e0a9:   8b 7e 28 8b df c1 eb 05 3b 5d d0 72 0b 8b d3 48
0x00007ffcbb46e0b9:   8d 4d d0 e8 1f 59 56 00 48 8b 45 d8 83 e7 1f 48
0x00007ffcbb46e0c9:   8d 14 98 40 0f b6 cf 41 b8 01 00 00 00 41 d3 e0
0x00007ffcbb46e0d9:   8b 0a 8b c1 41 0b c0 89 02 41 85 c8 75 21 8b 5d
0x00007ffcbb46e0e9:   c8 8d 43 01 89 45 c8 3b 5d b8 72 0b 8b d3 48 8d
0x00007ffcbb46e0f9:   4d b0 e8 10 b3 39 00 48 8b 45 c0 48 89 34 d8 44
0x00007ffcbb46e109:   39 6d c8 0f 86 77 01 00 00 4c 89 a4 24 a0 00 00
0x00007ffcbb46e119:   00 4c 89 b4 24 a8 00 00 00 48 8b 45 c0 41 8b cd
0x00007ffcbb46e129:   48 8b 34 c8 8b 46 2c 25 ff 1f 00 00 3d 04 10 00
0x00007ffcbb46e139:   00 0f 85 a7 00 00 00 bb 01 00 00 00 39 5e 18 76
0x00007ffcbb46e149:   39 66 0f 1f 44 00 00 48 8b 46 08 8b cb 48 8b 14
0x00007ffcbb46e159:   c8 48 85 d2 74 1d 48 83 7a 10 00 74 16 80 7a 2c
0x00007ffcbb46e169:   84 74 10 e8 7f 7e ee ff 48 8b d0 49 8b cf e8 a4
0x00007ffcbb46e179:   61 f6 ff ff c3 3b 5e 18 72 cd 48 8b 5e 10 8b 46
0x00007ffcbb46e189:   20 4c 8d 34 c3 49 3b de 73 54 48 8b 3b 8b 47 2c
0x00007ffcbb46e199:   83 e0 03 3c 03 75 2e 48 8b 07 48 8b cf ff 90 88 


Stack slot to memory mapping:
stack at sp + 0 slots: 0x00000000000017d6 is an unknown value
stack at sp + 1 slots: 0x0 is NULL
stack at sp + 2 slots: 0x0000003ed1bfe690 is pointing into the stack for thread: 0x0000016cbd8cf9a0
stack at sp + 3 slots: 0x00007ffcbb3d38d1 jvm.dll
stack at sp + 4 slots: 0x0000016cc4f8ff70 points into unknown readable memory: 0x6461726700000006 | 06 00 00 00 67 72 61 64
stack at sp + 5 slots: 0x00007ffc00002000 is an unknown value
stack at sp + 6 slots: 0x0000016cc37be050 points into unknown readable memory: 0x0000000000000000 | 00 00 00 00 00 00 00 00
stack at sp + 7 slots: 0x0000016c00000000 is an unknown value


---------------  P R O C E S S  ---------------

Threads class SMR info:
_java_thread_list=0x0000016cbdc98020, length=94, elements={
0x0000016cfaac1cf0, 0x0000016cffc60f40, 0x0000016cffc61cd0, 0x0000016cffc7cb50,
0x0000016cffc7f530, 0x0000016cffc82e20, 0x0000016cffc836f0, 0x0000016cffc888b0,
0x0000016cffc89270, 0x0000016cffc89f80, 0x0000016cffc4a790, 0x0000016c98c934d0,
0x0000016cb92dd050, 0x0000016cba377be0, 0x0000016cb9295070, 0x0000016cb9d4bf00,
0x0000016cb9f96e60, 0x0000016cb9d59470, 0x0000016cb9d5a3a0, 0x0000016cb9d59e90,
0x0000016cb9d59980, 0x0000016cb9d5a8b0, 0x0000016cb9d58f60, 0x0000016cba09c130,
0x0000016cba09a2d0, 0x0000016cba0a1740, 0x0000016cba0a1c50, 0x0000016cba09fdf0,
0x0000016cba09e9b0, 0x0000016cba0a0d20, 0x0000016cba09b200, 0x0000016cba09b710,
0x0000016cba09c640, 0x0000016cba09d060, 0x0000016cba0a1230, 0x0000016cba09bc20,
0x0000016cba0a0300, 0x0000016cba09a7e0, 0x0000016cba09da80, 0x0000016cba09acf0,
0x0000016cba09df90, 0x0000016cba0a0810, 0x0000016cba09eec0, 0x0000016cba09f3d0,
0x0000016cba09f8e0, 0x0000016cb96eca20, 0x0000016cb96e7e30, 0x0000016cb96e9780,
0x0000016cb96eb5e0, 0x0000016cb96ea6b0, 0x0000016cb96e6f00, 0x0000016cb96ebaf0,
0x0000016cb96eabc0, 0x0000016cb96e8340, 0x0000016cb96ec510, 0x0000016cb96e8850,
0x0000016cb96ede60, 0x0000016cb96ee880, 0x0000016cb96e7410, 0x0000016cb96e7920,
0x0000016cb96e8d60, 0x0000016cbc3c4c90, 0x0000016cbc3c8440, 0x0000016cbc3c5bc0,
0x0000016cbc3c56b0, 0x0000016cbc3c60d0, 0x0000016cbc3c9d90, 0x0000016cbc3c8e60,
0x0000016cbc3cc100, 0x0000016cbc3c51a0, 0x0000016cbc3c7000, 0x0000016cbc3c9370,
0x0000016cb96ee370, 0x0000016cb96e9270, 0x0000016cb96e9c90, 0x0000016cc37fc560,
0x0000016cc37fcf80, 0x0000016cc37f7e80, 0x0000016cc37f6020, 0x0000016cc37f92c0,
0x0000016cc37f6a40, 0x0000016cc37f6530, 0x0000016cc37fd9a0, 0x0000016cc37f6f50,
0x0000016cc37f88a0, 0x0000016cc37f8db0, 0x0000016cc37fbb40, 0x0000016cc37f97d0,
0x0000016cc37fb630, 0x0000016cc37f7460, 0x0000016cc37fd490, 0x0000016cc37f9ce0,
0x0000016cc37fc050, 0x0000016cbd8cf9a0
}

Java Threads: ( => current thread )
  0x0000016cfaac1cf0 JavaThread "main" [_thread_blocked, id=26380, stack(0x0000003ecb400000,0x0000003ecb500000)]
  0x0000016cffc60f40 JavaThread "Reference Handler" daemon [_thread_blocked, id=16772, stack(0x0000003ecbb00000,0x0000003ecbc00000)]
  0x0000016cffc61cd0 JavaThread "Finalizer" daemon [_thread_blocked, id=26120, stack(0x0000003ecbc00000,0x0000003ecbd00000)]
  0x0000016cffc7cb50 JavaThread "Signal Dispatcher" daemon [_thread_blocked, id=9324, stack(0x0000003ecbd00000,0x0000003ecbe00000)]
  0x0000016cffc7f530 JavaThread "Attach Listener" daemon [_thread_blocked, id=15876, stack(0x0000003ecbe00000,0x0000003ecbf00000)]
  0x0000016cffc82e20 JavaThread "Service Thread" daemon [_thread_blocked, id=25352, stack(0x0000003ecbf00000,0x0000003ecc000000)]
  0x0000016cffc836f0 JavaThread "Monitor Deflation Thread" daemon [_thread_blocked, id=23164, stack(0x0000003ecc000000,0x0000003ecc100000)]
  0x0000016cffc888b0 JavaThread "C2 CompilerThread0" daemon [_thread_in_native, id=26508, stack(0x0000003ecc100000,0x0000003ecc200000)]
  0x0000016cffc89270 JavaThread "C1 CompilerThread0" daemon [_thread_blocked, id=25716, stack(0x0000003ecc200000,0x0000003ecc300000)]
  0x0000016cffc89f80 JavaThread "Sweeper thread" daemon [_thread_blocked, id=26320, stack(0x0000003ecc300000,0x0000003ecc400000)]
  0x0000016cffc4a790 JavaThread "Common-Cleaner" daemon [_thread_blocked, id=26004, stack(0x0000003ecc400000,0x0000003ecc500000)]
  0x0000016c98c934d0 JavaThread "Notification Thread" daemon [_thread_blocked, id=26020, stack(0x0000003ecc500000,0x0000003ecc600000)]
  0x0000016cb92dd050 JavaThread "Daemon health stats" [_thread_blocked, id=26376, stack(0x0000003eccb00000,0x0000003eccc00000)]
  0x0000016cba377be0 JavaThread "Incoming local TCP Connector on port 50957" [_thread_in_native, id=15200, stack(0x0000003ecc700000,0x0000003ecc800000)]
  0x0000016cb9295070 JavaThread "Daemon periodic checks" [_thread_blocked, id=23800, stack(0x0000003eccc00000,0x0000003eccd00000)]
  0x0000016cb9d4bf00 JavaThread "Daemon" [_thread_blocked, id=15880, stack(0x0000003eccd00000,0x0000003ecce00000)]
  0x0000016cb9f96e60 JavaThread "Handler for socket connection from /127.0.0.1:50957 to /127.0.0.1:50958" [_thread_in_native, id=25740, stack(0x0000003ecce00000,0x0000003eccf00000)]
  0x0000016cb9d59470 JavaThread "Cancel handler" [_thread_blocked, id=3332, stack(0x0000003eccf00000,0x0000003ecd000000)]
  0x0000016cb9d5a3a0 JavaThread "Daemon worker" [_thread_blocked, id=26008, stack(0x0000003ecd000000,0x0000003ecd100000)]
  0x0000016cb9d59e90 JavaThread "Asynchronous log dispatcher for DefaultDaemonConnection: socket connection from /127.0.0.1:50957 to /127.0.0.1:50958" [_thread_blocked, id=25944, stack(0x0000003ecd100000,0x0000003ecd200000)]
  0x0000016cb9d59980 JavaThread "Stdin handler" [_thread_blocked, id=24308, stack(0x0000003ecd200000,0x0000003ecd300000)]
  0x0000016cb9d5a8b0 JavaThread "Daemon client event forwarder" [_thread_blocked, id=25636, stack(0x0000003ecd300000,0x0000003ecd400000)]
  0x0000016cb9d58f60 JavaThread "Cache worker for journal cache (C:\Users\ssk\.gradle\caches\journal-1)" [_thread_blocked, id=25892, stack(0x0000003ecd400000,0x0000003ecd500000)]
  0x0000016cba09c130 JavaThread "File lock request listener" [_thread_in_native, id=24188, stack(0x0000003ecd500000,0x0000003ecd600000)]
  0x0000016cba09a2d0 JavaThread "Cache worker for file hash cache (C:\Users\ssk\.gradle\caches\8.3\fileHashes)" [_thread_in_vm, id=26140, stack(0x0000003ecd600000,0x0000003ecd700000)]
  0x0000016cba0a1740 JavaThread "File watcher server" daemon [_thread_in_native, id=24060, stack(0x0000003ecd800000,0x0000003ecd900000)]
  0x0000016cba0a1c50 JavaThread "File watcher consumer" daemon [_thread_blocked, id=17600, stack(0x0000003ecd900000,0x0000003ecda00000)]
  0x0000016cba09fdf0 JavaThread "Cache worker for checksums cache (G:\programmer\art\ArtsConnectApp\android\.gradle\8.3\checksums)" [_thread_blocked, id=26388, stack(0x0000003ecd700000,0x0000003ecd800000)]
  0x0000016cba09e9b0 JavaThread "Cache worker for file hash cache (G:\programmer\art\ArtsConnectApp\android\.gradle\8.3\fileHashes)" [_thread_blocked, id=25936, stack(0x0000003ecda00000,0x0000003ecdb00000)]
  0x0000016cba0a0d20 JavaThread "Cache worker for cache directory md-supplier (C:\Users\ssk\.gradle\caches\8.3\md-supplier)" [_thread_blocked, id=25528, stack(0x0000003ecdb00000,0x0000003ecdc00000)]
  0x0000016cba09b200 JavaThread "Cache worker for file content cache (C:\Users\ssk\.gradle\caches\8.3\fileContent)" [_thread_blocked, id=26176, stack(0x0000003ecdc00000,0x0000003ecdd00000)]
  0x0000016cba09b710 JavaThread "Cache worker for cache directory md-rule (C:\Users\ssk\.gradle\caches\8.3\md-rule)" [_thread_blocked, id=9596, stack(0x0000003ecdd00000,0x0000003ecde00000)]
  0x0000016cba09c640 JavaThread "Cache worker for execution history cache (C:\Users\ssk\.gradle\caches\8.3\executionHistory)" [_thread_blocked, id=24368, stack(0x0000003ecde00000,0x0000003ecdf00000)]
  0x0000016cba09d060 JavaThread "jar transforms" [_thread_blocked, id=25836, stack(0x0000003ece100000,0x0000003ece200000)]
  0x0000016cba0a1230 JavaThread "jar transforms Thread 2" [_thread_blocked, id=26372, stack(0x0000003ece200000,0x0000003ece300000)]
  0x0000016cba09bc20 JavaThread "jar transforms Thread 3" [_thread_blocked, id=5232, stack(0x0000003ecdf00000,0x0000003ece000000)]
  0x0000016cba0a0300 JavaThread "jar transforms Thread 4" [_thread_blocked, id=25488, stack(0x0000003ece300000,0x0000003ece400000)]
  0x0000016cba09a7e0 JavaThread "Cache worker for kotlin-dsl (C:\Users\ssk\.gradle\caches\8.3\kotlin-dsl)" [_thread_blocked, id=2696, stack(0x0000003ece700000,0x0000003ece800000)]
  0x0000016cba09da80 JavaThread "Unconstrained build operations" [_thread_blocked, id=12632, stack(0x0000003ece600000,0x0000003ece700000)]
  0x0000016cba09acf0 JavaThread "Unconstrained build operations Thread 2" [_thread_blocked, id=7888, stack(0x0000003ece800000,0x0000003ece900000)]
  0x0000016cba09df90 JavaThread "Cache worker for dependencies-accessors (G:\programmer\art\ArtsConnectApp\android\.gradle\8.3\dependencies-accessors)" [_thread_blocked, id=9768, stack(0x0000003ece900000,0x0000003ecea00000)]
  0x0000016cba0a0810 JavaThread "Cache worker for Build Output Cleanup Cache (G:\programmer\art\ArtsConnectApp\node_modules\@react-native\gradle-plugin\.gradle\buildOutputCleanup)" [_thread_blocked, id=14228, stack(0x0000003ecea00000,0x0000003eceb00000)]
  0x0000016cba09eec0 JavaThread "Unconstrained build operations Thread 3" [_thread_blocked, id=10876, stack(0x0000003eceb00000,0x0000003ecec00000)]
  0x0000016cba09f3d0 JavaThread "Unconstrained build operations Thread 4" [_thread_blocked, id=18708, stack(0x0000003ecec00000,0x0000003eced00000)]
  0x0000016cba09f8e0 JavaThread "Unconstrained build operations Thread 5" [_thread_blocked, id=14160, stack(0x0000003eced00000,0x0000003ecee00000)]
  0x0000016cb96eca20 JavaThread "Memory manager" [_thread_blocked, id=2960, stack(0x0000003ecb200000,0x0000003ecb300000)]
  0x0000016cb96e7e30 JavaThread "Cache worker for Build Output Cleanup Cache (G:\programmer\art\ArtsConnectApp\android\.gradle\buildOutputCleanup)" [_thread_blocked, id=11176, stack(0x0000003ecb100000,0x0000003ecb200000)]
  0x0000016cb96e9780 JavaThread "ForkJoinPool.commonPool-worker-2" daemon [_thread_blocked, id=14624, stack(0x0000003ecee00000,0x0000003ecef00000)]
  0x0000016cb96eb5e0 JavaThread "ForkJoinPool.commonPool-worker-3" daemon [_thread_blocked, id=14640, stack(0x0000003ecef00000,0x0000003ecf000000)]
  0x0000016cb96ea6b0 JavaThread "Execution worker" [_thread_blocked, id=10976, stack(0x0000003ecf400000,0x0000003ecf500000)]
  0x0000016cb96e6f00 JavaThread "Execution worker Thread 2" [_thread_blocked, id=5200, stack(0x0000003ecf500000,0x0000003ecf600000)]
  0x0000016cb96ebaf0 JavaThread "Execution worker Thread 3" [_thread_blocked, id=2512, stack(0x0000003ecf600000,0x0000003ecf700000)]
  0x0000016cb96eabc0 JavaThread "Cache worker for execution history cache (G:\programmer\art\ArtsConnectApp\node_modules\@react-native\gradle-plugin\.gradle\8.3\executionHistory)" [_thread_blocked, id=11680, stack(0x0000003ecf800000,0x0000003ecf900000)]
  0x0000016cb96e8340 JavaThread "Unconstrained build operations Thread 6" [_thread_blocked, id=11116, stack(0x0000003ecf700000,0x0000003ecf800000)]
  0x0000016cb96ec510 JavaThread "Unconstrained build operations Thread 7" [_thread_blocked, id=26052, stack(0x0000003ecf900000,0x0000003ecfa00000)]
  0x0000016cb96e8850 JavaThread "Unconstrained build operations Thread 8" [_thread_blocked, id=3276, stack(0x0000003ecfa00000,0x0000003ecfb00000)]
  0x0000016cb96ede60 JavaThread "Unconstrained build operations Thread 9" [_thread_blocked, id=23508, stack(0x0000003ecfb00000,0x0000003ecfc00000)]
  0x0000016cb96ee880 JavaThread "Unconstrained build operations Thread 10" [_thread_blocked, id=13876, stack(0x0000003ecfc00000,0x0000003ecfd00000)]
  0x0000016cb96e7410 JavaThread "Unconstrained build operations Thread 11" [_thread_blocked, id=12668, stack(0x0000003ecfd00000,0x0000003ecfe00000)]
  0x0000016cb96e7920 JavaThread "Unconstrained build operations Thread 12" [_thread_blocked, id=25296, stack(0x0000003ecfe00000,0x0000003ecff00000)]
  0x0000016cb96e8d60 JavaThread "Unconstrained build operations Thread 13" [_thread_blocked, id=24964, stack(0x0000003ecff00000,0x0000003ed0000000)]
  0x0000016cbc3c4c90 JavaThread "Unconstrained build operations Thread 14" [_thread_blocked, id=13712, stack(0x0000003ecb300000,0x0000003ecb400000)]
  0x0000016cbc3c8440 JavaThread "Unconstrained build operations Thread 15" [_thread_blocked, id=26000, stack(0x0000003ecf000000,0x0000003ecf100000)]
  0x0000016cbc3c5bc0 JavaThread "Unconstrained build operations Thread 16" [_thread_blocked, id=11236, stack(0x0000003ecf100000,0x0000003ecf200000)]
  0x0000016cbc3c56b0 JavaThread "Unconstrained build operations Thread 17" [_thread_blocked, id=6080, stack(0x0000003ecf200000,0x0000003ecf300000)]
  0x0000016cbc3c60d0 JavaThread "Unconstrained build operations Thread 18" [_thread_blocked, id=9420, stack(0x0000003ed0000000,0x0000003ed0100000)]
  0x0000016cbc3c9d90 JavaThread "Unconstrained build operations Thread 19" [_thread_blocked, id=19080, stack(0x0000003ed0100000,0x0000003ed0200000)]
  0x0000016cbc3c8e60 JavaThread "Unconstrained build operations Thread 20" [_thread_blocked, id=15288, stack(0x0000003ed0200000,0x0000003ed0300000)]
  0x0000016cbc3cc100 JavaThread "Unconstrained build operations Thread 21" [_thread_blocked, id=12680, stack(0x0000003ecf300000,0x0000003ecf400000)]
  0x0000016cbc3c51a0 JavaThread "Unconstrained build operations Thread 22" [_thread_blocked, id=6972, stack(0x0000003ed0300000,0x0000003ed0400000)]
  0x0000016cbc3c7000 JavaThread "Unconstrained build operations Thread 23" [_thread_blocked, id=18088, stack(0x0000003ed0400000,0x0000003ed0500000)]
  0x0000016cbc3c9370 JavaThread "Unconstrained build operations Thread 24" [_thread_blocked, id=26188, stack(0x0000003ed0500000,0x0000003ed0600000)]
  0x0000016cb96ee370 JavaThread "Unconstrained build operations Thread 25" [_thread_blocked, id=25140, stack(0x0000003ed0600000,0x0000003ed0700000)]
  0x0000016cb96e9270 JavaThread "Unconstrained build operations Thread 26" [_thread_blocked, id=12364, stack(0x0000003ed0700000,0x0000003ed0800000)]
  0x0000016cb96e9c90 JavaThread "ForkJoinPool.commonPool-worker-4" daemon [_thread_blocked, id=7356, stack(0x0000003ed0800000,0x0000003ed0900000)]
  0x0000016cc37fc560 JavaThread "pool-3-thread-1" [_thread_blocked, id=16132, stack(0x0000003ed0a00000,0x0000003ed0b00000)]
  0x0000016cc37fcf80 JavaThread "build event listener" [_thread_blocked, id=1632, stack(0x0000003ed0b00000,0x0000003ed0c00000)]
  0x0000016cc37f7e80 JavaThread "included builds Thread 2" [_thread_blocked, id=15904, stack(0x0000003ed0c00000,0x0000003ed0d00000)]
  0x0000016cc37f6020 JavaThread "Unconstrained build operations Thread 27" [_thread_blocked, id=24944, stack(0x0000003ed0d00000,0x0000003ed0e00000)]
  0x0000016cc37f92c0 JavaThread "Unconstrained build operations Thread 28" [_thread_blocked, id=22456, stack(0x0000003ed0e00000,0x0000003ed0f00000)]
  0x0000016cc37f6a40 JavaThread "Unconstrained build operations Thread 29" [_thread_blocked, id=22136, stack(0x0000003ed0f00000,0x0000003ed1000000)]
  0x0000016cc37f6530 JavaThread "Unconstrained build operations Thread 30" [_thread_blocked, id=18800, stack(0x0000003ed1000000,0x0000003ed1100000)]
  0x0000016cc37fd9a0 JavaThread "Unconstrained build operations Thread 31" [_thread_blocked, id=6836, stack(0x0000003ed1100000,0x0000003ed1200000)]
  0x0000016cc37f6f50 JavaThread "Unconstrained build operations Thread 32" [_thread_blocked, id=2104, stack(0x0000003ed1200000,0x0000003ed1300000)]
  0x0000016cc37f88a0 JavaThread "Unconstrained build operations Thread 33" [_thread_blocked, id=21572, stack(0x0000003ed1300000,0x0000003ed1400000)]
  0x0000016cc37f8db0 JavaThread "Unconstrained build operations Thread 34" [_thread_blocked, id=13040, stack(0x0000003ed1400000,0x0000003ed1500000)]
  0x0000016cc37fbb40 JavaThread "Unconstrained build operations Thread 35" [_thread_blocked, id=11640, stack(0x0000003ed1500000,0x0000003ed1600000)]
  0x0000016cc37f97d0 JavaThread "Unconstrained build operations Thread 36" [_thread_blocked, id=5488, stack(0x0000003ed1600000,0x0000003ed1700000)]
  0x0000016cc37fb630 JavaThread "Unconstrained build operations Thread 37" [_thread_blocked, id=11088, stack(0x0000003ed1700000,0x0000003ed1800000)]
  0x0000016cc37f7460 JavaThread "Unconstrained build operations Thread 38" [_thread_blocked, id=9836, stack(0x0000003ed1800000,0x0000003ed1900000)]
  0x0000016cc37fd490 JavaThread "Unconstrained build operations Thread 39" [_thread_blocked, id=18844, stack(0x0000003ed1900000,0x0000003ed1a00000)]
  0x0000016cc37f9ce0 JavaThread "Unconstrained build operations Thread 40" [_thread_blocked, id=18740, stack(0x0000003ed1a00000,0x0000003ed1b00000)]
  0x0000016cc37fc050 JavaThread "Cache worker for execution history cache (G:\programmer\art\ArtsConnectApp\android\.gradle\8.3\executionHistory)" [_thread_blocked, id=26496, stack(0x0000003ed0900000,0x0000003ed0a00000)]
=>0x0000016cbd8cf9a0 JavaThread "C2 CompilerThread1" daemon [_thread_in_native, id=2812, stack(0x0000003ed1b00000,0x0000003ed1c00000)]

Other Threads:
  0x0000016cffc58470 VMThread "VM Thread" [stack: 0x0000003ecba00000,0x0000003ecbb00000] [id=26164]
  0x0000016cfab3ee60 WatcherThread [stack: 0x0000003ecc600000,0x0000003ecc700000] [id=26448]
  0x0000016cfab1afb0 GCTaskThread "GC Thread#0" [stack: 0x0000003ecb500000,0x0000003ecb600000] [id=26512]
  0x0000016cb810ec90 GCTaskThread "GC Thread#1" [stack: 0x0000003ecc800000,0x0000003ecc900000] [id=25880]
  0x0000016c98e7d2e0 GCTaskThread "GC Thread#2" [stack: 0x0000003ecc900000,0x0000003ecca00000] [id=26220]
  0x0000016c98e7d5a0 GCTaskThread "GC Thread#3" [stack: 0x0000003ecca00000,0x0000003eccb00000] [id=26288]
  0x0000016cfab2be10 ConcurrentGCThread "G1 Main Marker" [stack: 0x0000003ecb600000,0x0000003ecb700000] [id=21868]
  0x0000016cfab2d740 ConcurrentGCThread "G1 Conc#0" [stack: 0x0000003ecb700000,0x0000003ecb800000] [id=25768]
  0x0000016cfab6ec60 ConcurrentGCThread "G1 Refine#0" [stack: 0x0000003ecb800000,0x0000003ecb900000] [id=26616]
  0x0000016cb9f3f250 ConcurrentGCThread "G1 Refine#1" [stack: 0x0000003ece000000,0x0000003ece100000] [id=23520]
  0x0000016cffb147c0 ConcurrentGCThread "G1 Service" [stack: 0x0000003ecb900000,0x0000003ecba00000] [id=26444]

Threads with active compile tasks:
C2 CompilerThread0   235694 15890   !   4       org.gradle.cache.internal.LockOnDemandCrossProcessCacheAccess::withFileLock (24 bytes)
C2 CompilerThread1   235695 15863   !   4       org.gradle.cache.internal.DefaultMultiProcessSafeIndexedCache::getIfPresent (25 bytes)

VM state: not at safepoint (normal execution)

VM Mutex/Monitor currently owned by a thread: None

Heap address: 0x0000000080000000, size: 2048 MB, Compressed Oops mode: 32-bit

CDS archive(s) mapped at: [0x0000016c99000000-0x0000016c99bd0000-0x0000016c99bd0000), size 12386304, SharedBaseAddress: 0x0000016c99000000, ArchiveRelocationMode: 1.
Compressed class space mapped at: 0x0000016c9a000000-0x0000016cb4000000, reserved size: 436207616
Narrow klass base: 0x0000016c99000000, Narrow klass shift: 0, Narrow klass range: 0x100000000

GC Precious Log:
 CPUs: 4 total, 4 available
 Memory: 12082M
 Large Page Support: Disabled
 NUMA Support: Disabled
 Compressed Oops: Enabled (32-bit)
 Heap Region Size: 1M
 Heap Min Capacity: 8M
 Heap Initial Capacity: 190M
 Heap Max Capacity: 2G
 Pre-touch: Disabled
 Parallel Workers: 4
 Concurrent Workers: 1
 Concurrent Refinement Workers: 4
 Periodic GC: Disabled

Heap:
 garbage-first heap   total 260096K, used 196221K [0x0000000080000000, 0x0000000100000000)
  region size 1024K, 24 young (24576K), 6 survivors (6144K)
 Metaspace       used 103204K, committed 104320K, reserved 557056K
  class space    used 14232K, committed 14784K, reserved 425984K

Heap Regions: E=young(eden), S=young(survivor), O=old, HS=humongous(starts), HC=humongous(continues), CS=collection set, F=free, OA=open archive, CA=closed archive, TAMS=top-at-mark-start (previous, next)
|   0|0x0000000080000000, 0x0000000080100000, 0x0000000080100000|100%| O|  |TAMS 0x0000000080100000, 0x0000000080000000| Untracked 
|   1|0x0000000080100000, 0x0000000080200000, 0x0000000080200000|100%| O|  |TAMS 0x0000000080200000, 0x0000000080100000| Untracked 
|   2|0x0000000080200000, 0x0000000080300000, 0x0000000080300000|100%|HS|  |TAMS 0x0000000080300000, 0x0000000080200000| Complete 
|   3|0x0000000080300000, 0x0000000080400000, 0x0000000080400000|100%|HC|  |TAMS 0x0000000080400000, 0x0000000080300000| Complete 
|   4|0x0000000080400000, 0x0000000080500000, 0x0000000080500000|100%|HC|  |TAMS 0x0000000080500000, 0x0000000080400000| Complete 
|   5|0x0000000080500000, 0x0000000080600000, 0x0000000080600000|100%|HC|  |TAMS 0x0000000080600000, 0x0000000080500000| Complete 
|   6|0x0000000080600000, 0x0000000080700000, 0x0000000080700000|100%| O|  |TAMS 0x0000000080700000, 0x0000000080600000| Untracked 
|   7|0x0000000080700000, 0x0000000080800000, 0x0000000080800000|100%| O|  |TAMS 0x0000000080800000, 0x0000000080700000| Untracked 
|   8|0x0000000080800000, 0x0000000080900000, 0x0000000080900000|100%| O|  |TAMS 0x0000000080900000, 0x0000000080800000| Untracked 
|   9|0x0000000080900000, 0x0000000080a00000, 0x0000000080a00000|100%| O|  |TAMS 0x0000000080a00000, 0x0000000080900000| Untracked 
|  10|0x0000000080a00000, 0x0000000080b00000, 0x0000000080b00000|100%| O|  |TAMS 0x0000000080b00000, 0x0000000080a00000| Untracked 
|  11|0x0000000080b00000, 0x0000000080b9f400, 0x0000000080c00000| 62%| O|  |TAMS 0x0000000080b9f400, 0x0000000080b00000| Untracked 
|  12|0x0000000080c00000, 0x0000000080d00000, 0x0000000080d00000|100%| O|  |TAMS 0x0000000080d00000, 0x0000000080c00000| Untracked 
|  13|0x0000000080d00000, 0x0000000080e00000, 0x0000000080e00000|100%| O|  |TAMS 0x0000000080e00000, 0x0000000080d00000| Untracked 
|  14|0x0000000080e00000, 0x0000000080f00000, 0x0000000080f00000|100%| O|  |TAMS 0x0000000080f00000, 0x0000000080e00000| Untracked 
|  15|0x0000000080f00000, 0x0000000081000000, 0x0000000081000000|100%| O|  |TAMS 0x0000000081000000, 0x0000000080f00000| Untracked 
|  16|0x0000000081000000, 0x0000000081100000, 0x0000000081100000|100%| O|  |TAMS 0x0000000081100000, 0x0000000081000000| Untracked 
|  17|0x0000000081100000, 0x0000000081200000, 0x0000000081200000|100%| O|  |TAMS 0x0000000081200000, 0x0000000081100000| Untracked 
|  18|0x0000000081200000, 0x0000000081300000, 0x0000000081300000|100%| O|  |TAMS 0x0000000081300000, 0x0000000081200000| Untracked 
|  19|0x0000000081300000, 0x0000000081400000, 0x0000000081400000|100%| O|  |TAMS 0x0000000081400000, 0x0000000081300000| Untracked 
|  20|0x0000000081400000, 0x0000000081500000, 0x0000000081500000|100%| O|  |TAMS 0x0000000081500000, 0x0000000081400000| Untracked 
|  21|0x0000000081500000, 0x0000000081600000, 0x0000000081600000|100%| O|  |TAMS 0x0000000081600000, 0x0000000081500000| Untracked 
|  22|0x0000000081600000, 0x0000000081700000, 0x0000000081700000|100%| O|  |TAMS 0x0000000081700000, 0x0000000081600000| Untracked 
|  23|0x0000000081700000, 0x0000000081800000, 0x0000000081800000|100%| O|  |TAMS 0x0000000081800000, 0x0000000081700000| Untracked 
|  24|0x0000000081800000, 0x0000000081900000, 0x0000000081900000|100%| O|  |TAMS 0x0000000081900000, 0x0000000081800000| Untracked 
|  25|0x0000000081900000, 0x0000000081a00000, 0x0000000081a00000|100%|HS|  |TAMS 0x0000000081a00000, 0x0000000081900000| Complete 
|  26|0x0000000081a00000, 0x0000000081b00000, 0x0000000081b00000|100%| O|  |TAMS 0x0000000081b00000, 0x0000000081a00000| Untracked 
|  27|0x0000000081b00000, 0x0000000081c00000, 0x0000000081c00000|100%| O|  |TAMS 0x0000000081c00000, 0x0000000081b00000| Untracked 
|  28|0x0000000081c00000, 0x0000000081d00000, 0x0000000081d00000|100%| O|  |TAMS 0x0000000081d00000, 0x0000000081c00000| Untracked 
|  29|0x0000000081d00000, 0x0000000081e00000, 0x0000000081e00000|100%| O|  |TAMS 0x0000000081e00000, 0x0000000081d00000| Untracked 
|  30|0x0000000081e00000, 0x0000000081f00000, 0x0000000081f00000|100%| O|  |TAMS 0x0000000081f00000, 0x0000000081e00000| Untracked 
|  31|0x0000000081f00000, 0x0000000082000000, 0x0000000082000000|100%| O|  |TAMS 0x0000000082000000, 0x0000000081f00000| Untracked 
|  32|0x0000000082000000, 0x0000000082100000, 0x0000000082100000|100%| O|  |TAMS 0x0000000082100000, 0x0000000082000000| Untracked 
|  33|0x0000000082100000, 0x0000000082200000, 0x0000000082200000|100%| O|  |TAMS 0x0000000082200000, 0x0000000082100000| Untracked 
|  34|0x0000000082200000, 0x0000000082300000, 0x0000000082300000|100%| O|  |TAMS 0x0000000082300000, 0x0000000082200000| Untracked 
|  35|0x0000000082300000, 0x0000000082400000, 0x0000000082400000|100%|HS|  |TAMS 0x0000000082400000, 0x0000000082300000| Complete 
|  36|0x0000000082400000, 0x0000000082500000, 0x0000000082500000|100%|HC|  |TAMS 0x0000000082500000, 0x0000000082400000| Complete 
|  37|0x0000000082500000, 0x0000000082600000, 0x0000000082600000|100%| O|  |TAMS 0x0000000082600000, 0x0000000082500000| Untracked 
|  38|0x0000000082600000, 0x0000000082700000, 0x0000000082700000|100%| O|  |TAMS 0x0000000082700000, 0x0000000082600000| Untracked 
|  39|0x0000000082700000, 0x0000000082800000, 0x0000000082800000|100%|HS|  |TAMS 0x0000000082800000, 0x0000000082700000| Complete 
|  40|0x0000000082800000, 0x0000000082900000, 0x0000000082900000|100%|HC|  |TAMS 0x0000000082900000, 0x0000000082800000| Complete 
|  41|0x0000000082900000, 0x0000000082a00000, 0x0000000082a00000|100%| O|  |TAMS 0x0000000082a00000, 0x0000000082900000| Untracked 
|  42|0x0000000082a00000, 0x0000000082b00000, 0x0000000082b00000|100%| O|  |TAMS 0x0000000082b00000, 0x0000000082a00000| Untracked 
|  43|0x0000000082b00000, 0x0000000082c00000, 0x0000000082c00000|100%|HS|  |TAMS 0x0000000082c00000, 0x0000000082b00000| Complete 
|  44|0x0000000082c00000, 0x0000000082d00000, 0x0000000082d00000|100%|HC|  |TAMS 0x0000000082d00000, 0x0000000082c00000| Complete 
|  45|0x0000000082d00000, 0x0000000082e00000, 0x0000000082e00000|100%|HC|  |TAMS 0x0000000082e00000, 0x0000000082d00000| Complete 
|  46|0x0000000082e00000, 0x0000000082f00000, 0x0000000082f00000|100%|HC|  |TAMS 0x0000000082f00000, 0x0000000082e00000| Complete 
|  47|0x0000000082f00000, 0x0000000083000000, 0x0000000083000000|100%| O|  |TAMS 0x0000000083000000, 0x0000000082f00000| Untracked 
|  48|0x0000000083000000, 0x0000000083100000, 0x0000000083100000|100%| O|  |TAMS 0x0000000083100000, 0x0000000083000000| Untracked 
|  49|0x0000000083100000, 0x0000000083200000, 0x0000000083200000|100%| O|  |TAMS 0x0000000083200000, 0x0000000083100000| Untracked 
|  50|0x0000000083200000, 0x0000000083300000, 0x0000000083300000|100%| O|  |TAMS 0x0000000083300000, 0x0000000083200000| Untracked 
|  51|0x0000000083300000, 0x0000000083400000, 0x0000000083400000|100%| O|  |TAMS 0x0000000083400000, 0x0000000083300000| Untracked 
|  52|0x0000000083400000, 0x0000000083500000, 0x0000000083500000|100%|HS|  |TAMS 0x0000000083500000, 0x0000000083400000| Complete 
|  53|0x0000000083500000, 0x0000000083600000, 0x0000000083600000|100%|HC|  |TAMS 0x0000000083600000, 0x0000000083500000| Complete 
|  54|0x0000000083600000, 0x0000000083700000, 0x0000000083700000|100%|HC|  |TAMS 0x0000000083700000, 0x0000000083600000| Complete 
|  55|0x0000000083700000, 0x0000000083800000, 0x0000000083800000|100%|HC|  |TAMS 0x0000000083800000, 0x0000000083700000| Complete 
|  56|0x0000000083800000, 0x0000000083900000, 0x0000000083900000|100%| O|  |TAMS 0x0000000083900000, 0x0000000083800000| Untracked 
|  57|0x0000000083900000, 0x0000000083a00000, 0x0000000083a00000|100%| O|  |TAMS 0x0000000083a00000, 0x0000000083900000| Untracked 
|  58|0x0000000083a00000, 0x0000000083b00000, 0x0000000083b00000|100%| O|  |TAMS 0x0000000083b00000, 0x0000000083a00000| Untracked 
|  59|0x0000000083b00000, 0x0000000083c00000, 0x0000000083c00000|100%| O|  |TAMS 0x0000000083c00000, 0x0000000083b00000| Untracked 
|  60|0x0000000083c00000, 0x0000000083d00000, 0x0000000083d00000|100%| O|  |TAMS 0x0000000083d00000, 0x0000000083c00000| Untracked 
|  61|0x0000000083d00000, 0x0000000083e00000, 0x0000000083e00000|100%| O|  |TAMS 0x0000000083d00000, 0x0000000083d00000| Untracked 
|  62|0x0000000083e00000, 0x0000000083f00000, 0x0000000083f00000|100%| O|  |TAMS 0x0000000083e00000, 0x0000000083e00000| Untracked 
|  63|0x0000000083f00000, 0x0000000084000000, 0x0000000084000000|100%| O|  |TAMS 0x0000000084000000, 0x0000000083f00000| Untracked 
|  64|0x0000000084000000, 0x0000000084100000, 0x0000000084100000|100%| O|  |TAMS 0x0000000084100000, 0x0000000084000000| Untracked 
|  65|0x0000000084100000, 0x0000000084200000, 0x0000000084200000|100%| O|  |TAMS 0x0000000084200000, 0x0000000084100000| Untracked 
|  66|0x0000000084200000, 0x0000000084300000, 0x0000000084300000|100%| O|  |TAMS 0x0000000084300000, 0x0000000084200000| Untracked 
|  67|0x0000000084300000, 0x0000000084400000, 0x0000000084400000|100%| O|  |TAMS 0x0000000084400000, 0x0000000084300000| Untracked 
|  68|0x0000000084400000, 0x0000000084500000, 0x0000000084500000|100%| O|  |TAMS 0x0000000084500000, 0x0000000084400000| Untracked 
|  69|0x0000000084500000, 0x0000000084600000, 0x0000000084600000|100%| O|  |TAMS 0x0000000084600000, 0x0000000084500000| Untracked 
|  70|0x0000000084600000, 0x0000000084700000, 0x0000000084700000|100%|HS|  |TAMS 0x0000000084700000, 0x0000000084600000| Complete 
|  71|0x0000000084700000, 0x0000000084800000, 0x0000000084800000|100%|HS|  |TAMS 0x0000000084800000, 0x0000000084700000| Complete 
|  72|0x0000000084800000, 0x0000000084900000, 0x0000000084900000|100%| O|  |TAMS 0x0000000084900000, 0x0000000084800000| Untracked 
|  73|0x0000000084900000, 0x0000000084a00000, 0x0000000084a00000|100%|HS|  |TAMS 0x0000000084a00000, 0x0000000084900000| Complete 
|  74|0x0000000084a00000, 0x0000000084b00000, 0x0000000084b00000|100%| O|  |TAMS 0x0000000084b00000, 0x0000000084a00000| Untracked 
|  75|0x0000000084b00000, 0x0000000084c00000, 0x0000000084c00000|100%| O|  |TAMS 0x0000000084c00000, 0x0000000084b00000| Untracked 
|  76|0x0000000084c00000, 0x0000000084d00000, 0x0000000084d00000|100%| O|  |TAMS 0x0000000084d00000, 0x0000000084c00000| Untracked 
|  77|0x0000000084d00000, 0x0000000084e00000, 0x0000000084e00000|100%| O|  |TAMS 0x0000000084e00000, 0x0000000084d00000| Untracked 
|  78|0x0000000084e00000, 0x0000000084f00000, 0x0000000084f00000|100%| O|  |TAMS 0x0000000084f00000, 0x0000000084e00000| Untracked 
|  79|0x0000000084f00000, 0x0000000085000000, 0x0000000085000000|100%| O|  |TAMS 0x0000000085000000, 0x0000000084f00000| Untracked 
|  80|0x0000000085000000, 0x0000000085100000, 0x0000000085100000|100%| O|  |TAMS 0x0000000085100000, 0x0000000085000000| Untracked 
|  81|0x0000000085100000, 0x0000000085200000, 0x0000000085200000|100%| O|  |TAMS 0x0000000085200000, 0x0000000085100000| Untracked 
|  82|0x0000000085200000, 0x0000000085300000, 0x0000000085300000|100%| O|  |TAMS 0x0000000085300000, 0x0000000085200000| Untracked 
|  83|0x0000000085300000, 0x0000000085400000, 0x0000000085400000|100%| O|  |TAMS 0x0000000085400000, 0x0000000085300000| Untracked 
|  84|0x0000000085400000, 0x0000000085500000, 0x0000000085500000|100%| O|  |TAMS 0x0000000085500000, 0x0000000085400000| Untracked 
|  85|0x0000000085500000, 0x0000000085600000, 0x0000000085600000|100%| O|  |TAMS 0x0000000085600000, 0x0000000085500000| Untracked 
|  86|0x0000000085600000, 0x0000000085700000, 0x0000000085700000|100%| O|  |TAMS 0x0000000085700000, 0x0000000085600000| Untracked 
|  87|0x0000000085700000, 0x0000000085800000, 0x0000000085800000|100%| O|  |TAMS 0x0000000085800000, 0x0000000085700000| Untracked 
|  88|0x0000000085800000, 0x0000000085900000, 0x0000000085900000|100%| O|  |TAMS 0x0000000085900000, 0x0000000085800000| Untracked 
|  89|0x0000000085900000, 0x0000000085a00000, 0x0000000085a00000|100%| O|  |TAMS 0x0000000085a00000, 0x0000000085900000| Untracked 
|  90|0x0000000085a00000, 0x0000000085b00000, 0x0000000085b00000|100%| O|  |TAMS 0x0000000085b00000, 0x0000000085a00000| Untracked 
|  91|0x0000000085b00000, 0x0000000085c00000, 0x0000000085c00000|100%| O|  |TAMS 0x0000000085c00000, 0x0000000085b00000| Untracked 
|  92|0x0000000085c00000, 0x0000000085d00000, 0x0000000085d00000|100%| O|  |TAMS 0x0000000085d00000, 0x0000000085c00000| Untracked 
|  93|0x0000000085d00000, 0x0000000085e00000, 0x0000000085e00000|100%| O|  |TAMS 0x0000000085e00000, 0x0000000085d00000| Untracked 
|  94|0x0000000085e00000, 0x0000000085f00000, 0x0000000085f00000|100%| O|  |TAMS 0x0000000085f00000, 0x0000000085e00000| Untracked 
|  95|0x0000000085f00000, 0x0000000086000000, 0x0000000086000000|100%| O|  |TAMS 0x0000000086000000, 0x0000000085f00000| Untracked 
|  96|0x0000000086000000, 0x0000000086100000, 0x0000000086100000|100%| O|  |TAMS 0x0000000086100000, 0x0000000086000000| Untracked 
|  97|0x0000000086100000, 0x0000000086200000, 0x0000000086200000|100%| O|  |TAMS 0x0000000086200000, 0x0000000086100000| Untracked 
|  98|0x0000000086200000, 0x0000000086300000, 0x0000000086300000|100%| O|  |TAMS 0x0000000086300000, 0x0000000086200000| Untracked 
|  99|0x0000000086300000, 0x0000000086400000, 0x0000000086400000|100%| O|  |TAMS 0x0000000086400000, 0x0000000086300000| Untracked 
| 100|0x0000000086400000, 0x0000000086500000, 0x0000000086500000|100%| O|  |TAMS 0x0000000086500000, 0x0000000086400000| Untracked 
| 101|0x0000000086500000, 0x0000000086600000, 0x0000000086600000|100%| O|  |TAMS 0x0000000086600000, 0x0000000086500000| Untracked 
| 102|0x0000000086600000, 0x0000000086700000, 0x0000000086700000|100%| O|  |TAMS 0x0000000086700000, 0x0000000086600000| Untracked 
| 103|0x0000000086700000, 0x0000000086800000, 0x0000000086800000|100%| O|  |TAMS 0x0000000086800000, 0x0000000086700000| Untracked 
| 104|0x0000000086800000, 0x0000000086900000, 0x0000000086900000|100%| O|  |TAMS 0x0000000086900000, 0x0000000086800000| Untracked 
| 105|0x0000000086900000, 0x0000000086a00000, 0x0000000086a00000|100%| O|  |TAMS 0x0000000086a00000, 0x0000000086900000| Untracked 
| 106|0x0000000086a00000, 0x0000000086b00000, 0x0000000086b00000|100%| O|  |TAMS 0x0000000086b00000, 0x0000000086a00000| Untracked 
| 107|0x0000000086b00000, 0x0000000086c00000, 0x0000000086c00000|100%| O|  |TAMS 0x0000000086c00000, 0x0000000086b00000| Untracked 
| 108|0x0000000086c00000, 0x0000000086d00000, 0x0000000086d00000|100%| O|  |TAMS 0x0000000086d00000, 0x0000000086c00000| Untracked 
| 109|0x0000000086d00000, 0x0000000086e00000, 0x0000000086e00000|100%|HS|  |TAMS 0x0000000086e00000, 0x0000000086d00000| Complete 
| 110|0x0000000086e00000, 0x0000000086f00000, 0x0000000086f00000|100%|HS|  |TAMS 0x0000000086f00000, 0x0000000086e00000| Complete 
| 111|0x0000000086f00000, 0x0000000087000000, 0x0000000087000000|100%|HS|  |TAMS 0x0000000087000000, 0x0000000086f00000| Complete 
| 112|0x0000000087000000, 0x0000000087100000, 0x0000000087100000|100%|HS|  |TAMS 0x0000000087100000, 0x0000000087000000| Complete 
| 113|0x0000000087100000, 0x0000000087200000, 0x0000000087200000|100%|HC|  |TAMS 0x0000000087200000, 0x0000000087100000| Complete 
| 114|0x0000000087200000, 0x0000000087300000, 0x0000000087300000|100%| O|  |TAMS 0x0000000087300000, 0x0000000087200000| Untracked 
| 115|0x0000000087300000, 0x0000000087400000, 0x0000000087400000|100%| O|  |TAMS 0x0000000087400000, 0x0000000087300000| Untracked 
| 116|0x0000000087400000, 0x0000000087500000, 0x0000000087500000|100%| O|  |TAMS 0x0000000087500000, 0x0000000087400000| Untracked 
| 117|0x0000000087500000, 0x0000000087600000, 0x0000000087600000|100%| O|  |TAMS 0x0000000087600000, 0x0000000087500000| Untracked 
| 118|0x0000000087600000, 0x0000000087700000, 0x0000000087700000|100%| O|  |TAMS 0x0000000087700000, 0x0000000087600000| Untracked 
| 119|0x0000000087700000, 0x0000000087800000, 0x0000000087800000|100%| O|  |TAMS 0x0000000087800000, 0x0000000087700000| Untracked 
| 120|0x0000000087800000, 0x0000000087900000, 0x0000000087900000|100%| O|  |TAMS 0x0000000087900000, 0x0000000087800000| Untracked 
| 121|0x0000000087900000, 0x0000000087a00000, 0x0000000087a00000|100%| O|  |TAMS 0x0000000087a00000, 0x0000000087900000| Untracked 
| 122|0x0000000087a00000, 0x0000000087b00000, 0x0000000087b00000|100%| O|  |TAMS 0x0000000087b00000, 0x0000000087a00000| Untracked 
| 123|0x0000000087b00000, 0x0000000087c00000, 0x0000000087c00000|100%| O|  |TAMS 0x0000000087c00000, 0x0000000087b00000| Untracked 
| 124|0x0000000087c00000, 0x0000000087d00000, 0x0000000087d00000|100%| O|  |TAMS 0x0000000087d00000, 0x0000000087c00000| Untracked 
| 125|0x0000000087d00000, 0x0000000087e00000, 0x0000000087e00000|100%| O|  |TAMS 0x0000000087e00000, 0x0000000087d00000| Untracked 
| 126|0x0000000087e00000, 0x0000000087f00000, 0x0000000087f00000|100%| O|  |TAMS 0x0000000087f00000, 0x0000000087e00000| Untracked 
| 127|0x0000000087f00000, 0x0000000088000000, 0x0000000088000000|100%| O|  |TAMS 0x0000000088000000, 0x0000000087f00000| Untracked 
| 128|0x0000000088000000, 0x0000000088100000, 0x0000000088100000|100%| O|  |TAMS 0x0000000088100000, 0x0000000088000000| Untracked 
| 129|0x0000000088100000, 0x0000000088200000, 0x0000000088200000|100%| O|  |TAMS 0x0000000088200000, 0x0000000088100000| Untracked 
| 130|0x0000000088200000, 0x0000000088300000, 0x0000000088300000|100%| O|  |TAMS 0x0000000088300000, 0x0000000088200000| Untracked 
| 131|0x0000000088300000, 0x0000000088400000, 0x0000000088400000|100%| O|  |TAMS 0x0000000088400000, 0x0000000088300000| Untracked 
| 132|0x0000000088400000, 0x0000000088500000, 0x0000000088500000|100%| O|  |TAMS 0x0000000088500000, 0x0000000088400000| Untracked 
| 133|0x0000000088500000, 0x0000000088600000, 0x0000000088600000|100%| O|  |TAMS 0x0000000088600000, 0x0000000088500000| Untracked 
| 134|0x0000000088600000, 0x0000000088700000, 0x0000000088700000|100%| O|  |TAMS 0x0000000088600000, 0x0000000088600000| Untracked 
| 135|0x0000000088700000, 0x0000000088800000, 0x0000000088800000|100%| O|  |TAMS 0x0000000088800000, 0x0000000088700000| Untracked 
| 136|0x0000000088800000, 0x0000000088900000, 0x0000000088900000|100%| O|  |TAMS 0x0000000088900000, 0x0000000088800000| Untracked 
| 137|0x0000000088900000, 0x0000000088a00000, 0x0000000088a00000|100%| O|  |TAMS 0x0000000088a00000, 0x0000000088900000| Untracked 
| 138|0x0000000088a00000, 0x0000000088b00000, 0x0000000088b00000|100%| O|  |TAMS 0x0000000088b00000, 0x0000000088a00000| Untracked 
| 139|0x0000000088b00000, 0x0000000088c00000, 0x0000000088c00000|100%| O|  |TAMS 0x0000000088c00000, 0x0000000088b00000| Untracked 
| 140|0x0000000088c00000, 0x0000000088d00000, 0x0000000088d00000|100%|HS|  |TAMS 0x0000000088d00000, 0x0000000088c00000| Complete 
| 141|0x0000000088d00000, 0x0000000088e00000, 0x0000000088e00000|100%|HS|  |TAMS 0x0000000088e00000, 0x0000000088d00000| Complete 
| 142|0x0000000088e00000, 0x0000000088f00000, 0x0000000088f00000|100%| O|  |TAMS 0x0000000088f00000, 0x0000000088e00000| Untracked 
| 143|0x0000000088f00000, 0x0000000089000000, 0x0000000089000000|100%| O|  |TAMS 0x0000000089000000, 0x0000000088f00000| Untracked 
| 144|0x0000000089000000, 0x0000000089100000, 0x0000000089100000|100%| O|  |TAMS 0x000000008904ca00, 0x0000000089000000| Untracked 
| 145|0x0000000089100000, 0x0000000089200000, 0x0000000089200000|100%| O|  |TAMS 0x0000000089100000, 0x0000000089100000| Untracked 
| 146|0x0000000089200000, 0x0000000089300000, 0x0000000089300000|100%| O|  |TAMS 0x0000000089200000, 0x0000000089200000| Untracked 
| 147|0x0000000089300000, 0x0000000089400000, 0x0000000089400000|100%| O|  |TAMS 0x0000000089300000, 0x0000000089300000| Untracked 
| 148|0x0000000089400000, 0x0000000089500000, 0x0000000089500000|100%| O|  |TAMS 0x0000000089400000, 0x0000000089400000| Untracked 
| 149|0x0000000089500000, 0x0000000089600000, 0x0000000089600000|100%| O|  |TAMS 0x0000000089500000, 0x0000000089500000| Untracked 
| 150|0x0000000089600000, 0x0000000089700000, 0x0000000089700000|100%| O|  |TAMS 0x0000000089600000, 0x0000000089600000| Untracked 
| 151|0x0000000089700000, 0x0000000089800000, 0x0000000089800000|100%| O|  |TAMS 0x0000000089700000, 0x0000000089700000| Untracked 
| 152|0x0000000089800000, 0x0000000089900000, 0x0000000089900000|100%| O|  |TAMS 0x0000000089800000, 0x0000000089800000| Untracked 
| 153|0x0000000089900000, 0x0000000089a00000, 0x0000000089a00000|100%| O|  |TAMS 0x0000000089900000, 0x0000000089900000| Untracked 
| 154|0x0000000089a00000, 0x0000000089b00000, 0x0000000089b00000|100%| O|  |TAMS 0x0000000089a00000, 0x0000000089a00000| Untracked 
| 155|0x0000000089b00000, 0x0000000089c00000, 0x0000000089c00000|100%| O|  |TAMS 0x0000000089b00000, 0x0000000089b00000| Untracked 
| 156|0x0000000089c00000, 0x0000000089d00000, 0x0000000089d00000|100%| O|  |TAMS 0x0000000089c00000, 0x0000000089c00000| Untracked 
| 157|0x0000000089d00000, 0x0000000089e00000, 0x0000000089e00000|100%| O|  |TAMS 0x0000000089d00000, 0x0000000089d00000| Untracked 
| 158|0x0000000089e00000, 0x0000000089f00000, 0x0000000089f00000|100%| O|  |TAMS 0x0000000089e00000, 0x0000000089e00000| Untracked 
| 159|0x0000000089f00000, 0x000000008a000000, 0x000000008a000000|100%| O|  |TAMS 0x0000000089f00000, 0x0000000089f00000| Untracked 
| 160|0x000000008a000000, 0x000000008a100000, 0x000000008a100000|100%| O|  |TAMS 0x000000008a000000, 0x000000008a000000| Untracked 
| 161|0x000000008a100000, 0x000000008a200000, 0x000000008a200000|100%| O|  |TAMS 0x000000008a100000, 0x000000008a100000| Untracked 
| 162|0x000000008a200000, 0x000000008a300000, 0x000000008a300000|100%| O|  |TAMS 0x000000008a200000, 0x000000008a200000| Untracked 
| 163|0x000000008a300000, 0x000000008a400000, 0x000000008a400000|100%| O|  |TAMS 0x000000008a300000, 0x000000008a300000| Untracked 
| 164|0x000000008a400000, 0x000000008a500000, 0x000000008a500000|100%| O|  |TAMS 0x000000008a400000, 0x000000008a400000| Untracked 
| 165|0x000000008a500000, 0x000000008a600000, 0x000000008a600000|100%| O|  |TAMS 0x000000008a500000, 0x000000008a500000| Untracked 
| 166|0x000000008a600000, 0x000000008a700000, 0x000000008a700000|100%| O|  |TAMS 0x000000008a600000, 0x000000008a600000| Untracked 
| 167|0x000000008a700000, 0x000000008a800000, 0x000000008a800000|100%| O|  |TAMS 0x000000008a700000, 0x000000008a700000| Untracked 
| 168|0x000000008a800000, 0x000000008a900000, 0x000000008a900000|100%| O|  |TAMS 0x000000008a800000, 0x000000008a800000| Untracked 
| 169|0x000000008a900000, 0x000000008a900000, 0x000000008aa00000|  0%| F|  |TAMS 0x000000008a900000, 0x000000008a900000| Untracked 
| 170|0x000000008aa00000, 0x000000008aa00000, 0x000000008ab00000|  0%| F|  |TAMS 0x000000008aa00000, 0x000000008aa00000| Untracked 
| 171|0x000000008ab00000, 0x000000008ab00000, 0x000000008ac00000|  0%| F|  |TAMS 0x000000008ab00000, 0x000000008ab00000| Untracked 
| 172|0x000000008ac00000, 0x000000008ac00000, 0x000000008ad00000|  0%| F|  |TAMS 0x000000008ac00000, 0x000000008ac00000| Untracked 
| 173|0x000000008ad00000, 0x000000008ad00000, 0x000000008ae00000|  0%| F|  |TAMS 0x000000008ad00000, 0x000000008ad00000| Untracked 
| 174|0x000000008ae00000, 0x000000008ae00000, 0x000000008af00000|  0%| F|  |TAMS 0x000000008ae00000, 0x000000008ae00000| Untracked 
| 175|0x000000008af00000, 0x000000008af00000, 0x000000008b000000|  0%| F|  |TAMS 0x000000008af00000, 0x000000008af00000| Untracked 
| 176|0x000000008b000000, 0x000000008b000000, 0x000000008b100000|  0%| F|  |TAMS 0x000000008b000000, 0x000000008b000000| Untracked 
| 177|0x000000008b100000, 0x000000008b100000, 0x000000008b200000|  0%| F|  |TAMS 0x000000008b100000, 0x000000008b100000| Untracked 
| 178|0x000000008b200000, 0x000000008b200000, 0x000000008b300000|  0%| F|  |TAMS 0x000000008b200000, 0x000000008b200000| Untracked 
| 179|0x000000008b300000, 0x000000008b300000, 0x000000008b400000|  0%| F|  |TAMS 0x000000008b300000, 0x000000008b300000| Untracked 
| 180|0x000000008b400000, 0x000000008b400000, 0x000000008b500000|  0%| F|  |TAMS 0x000000008b400000, 0x000000008b400000| Untracked 
| 181|0x000000008b500000, 0x000000008b500000, 0x000000008b600000|  0%| F|  |TAMS 0x000000008b500000, 0x000000008b500000| Untracked 
| 182|0x000000008b600000, 0x000000008b600000, 0x000000008b700000|  0%| F|  |TAMS 0x000000008b600000, 0x000000008b600000| Untracked 
| 183|0x000000008b700000, 0x000000008b700000, 0x000000008b800000|  0%| F|  |TAMS 0x000000008b700000, 0x000000008b700000| Untracked 
| 184|0x000000008b800000, 0x000000008b800000, 0x000000008b900000|  0%| F|  |TAMS 0x000000008b800000, 0x000000008b800000| Untracked 
| 185|0x000000008b900000, 0x000000008b900000, 0x000000008ba00000|  0%| F|  |TAMS 0x000000008b900000, 0x000000008b900000| Untracked 
| 186|0x000000008ba00000, 0x000000008ba00000, 0x000000008bb00000|  0%| F|  |TAMS 0x000000008ba00000, 0x000000008ba00000| Untracked 
| 187|0x000000008bb00000, 0x000000008bb00000, 0x000000008bc00000|  0%| F|  |TAMS 0x000000008bb00000, 0x000000008bb00000| Untracked 
| 188|0x000000008bc00000, 0x000000008bc00000, 0x000000008bd00000|  0%| F|  |TAMS 0x000000008bc00000, 0x000000008bc00000| Untracked 
| 189|0x000000008bd00000, 0x000000008bd00000, 0x000000008be00000|  0%| F|  |TAMS 0x000000008bd00000, 0x000000008bd00000| Untracked 
| 190|0x000000008be00000, 0x000000008be00000, 0x000000008bf00000|  0%| F|  |TAMS 0x000000008be00000, 0x000000008be00000| Untracked 
| 191|0x000000008bf00000, 0x000000008bf00000, 0x000000008c000000|  0%| F|  |TAMS 0x000000008bf00000, 0x000000008bf00000| Untracked 
| 192|0x000000008c000000, 0x000000008c000000, 0x000000008c100000|  0%| F|  |TAMS 0x000000008c000000, 0x000000008c000000| Untracked 
| 193|0x000000008c100000, 0x000000008c100000, 0x000000008c200000|  0%| F|  |TAMS 0x000000008c100000, 0x000000008c100000| Untracked 
| 194|0x000000008c200000, 0x000000008c200000, 0x000000008c300000|  0%| F|  |TAMS 0x000000008c200000, 0x000000008c200000| Untracked 
| 195|0x000000008c300000, 0x000000008c300000, 0x000000008c400000|  0%| F|  |TAMS 0x000000008c300000, 0x000000008c300000| Untracked 
| 196|0x000000008c400000, 0x000000008c400000, 0x000000008c500000|  0%| F|  |TAMS 0x000000008c400000, 0x000000008c400000| Untracked 
| 197|0x000000008c500000, 0x000000008c500000, 0x000000008c600000|  0%| F|  |TAMS 0x000000008c500000, 0x000000008c500000| Untracked 
| 198|0x000000008c600000, 0x000000008c600000, 0x000000008c700000|  0%| F|  |TAMS 0x000000008c600000, 0x000000008c600000| Untracked 
| 199|0x000000008c700000, 0x000000008c700000, 0x000000008c800000|  0%| F|  |TAMS 0x000000008c700000, 0x000000008c700000| Untracked 
| 200|0x000000008c800000, 0x000000008c800000, 0x000000008c900000|  0%| F|  |TAMS 0x000000008c800000, 0x000000008c800000| Untracked 
| 201|0x000000008c900000, 0x000000008c900000, 0x000000008ca00000|  0%| F|  |TAMS 0x000000008c900000, 0x000000008c900000| Untracked 
| 202|0x000000008ca00000, 0x000000008ca00000, 0x000000008cb00000|  0%| F|  |TAMS 0x000000008ca00000, 0x000000008ca00000| Untracked 
| 203|0x000000008cb00000, 0x000000008cc00000, 0x000000008cc00000|100%| S|CS|TAMS 0x000000008cb00000, 0x000000008cb00000| Complete 
| 204|0x000000008cc00000, 0x000000008cd00000, 0x000000008cd00000|100%| S|CS|TAMS 0x000000008cc00000, 0x000000008cc00000| Complete 
| 205|0x000000008cd00000, 0x000000008cd00000, 0x000000008ce00000|  0%| F|  |TAMS 0x000000008cd00000, 0x000000008cd00000| Untracked 
| 206|0x000000008ce00000, 0x000000008ce00000, 0x000000008cf00000|  0%| F|  |TAMS 0x000000008ce00000, 0x000000008ce00000| Untracked 
| 207|0x000000008cf00000, 0x000000008d000000, 0x000000008d000000|100%| S|CS|TAMS 0x000000008cf00000, 0x000000008cf00000| Complete 
| 208|0x000000008d000000, 0x000000008d100000, 0x000000008d100000|100%| S|CS|TAMS 0x000000008d000000, 0x000000008d000000| Complete 
| 209|0x000000008d100000, 0x000000008d100000, 0x000000008d200000|  0%| F|  |TAMS 0x000000008d100000, 0x000000008d100000| Untracked 
| 210|0x000000008d200000, 0x000000008d200000, 0x000000008d300000|  0%| F|  |TAMS 0x000000008d200000, 0x000000008d200000| Untracked 
| 211|0x000000008d300000, 0x000000008d300000, 0x000000008d400000|  0%| F|  |TAMS 0x000000008d300000, 0x000000008d300000| Untracked 
| 212|0x000000008d400000, 0x000000008d500000, 0x000000008d500000|100%| S|CS|TAMS 0x000000008d400000, 0x000000008d400000| Complete 
| 213|0x000000008d500000, 0x000000008d600000, 0x000000008d600000|100%| S|CS|TAMS 0x000000008d500000, 0x000000008d500000| Complete 
| 214|0x000000008d600000, 0x000000008d600000, 0x000000008d700000|  0%| F|  |TAMS 0x000000008d600000, 0x000000008d600000| Untracked 
| 215|0x000000008d700000, 0x000000008d700000, 0x000000008d800000|  0%| F|  |TAMS 0x000000008d700000, 0x000000008d700000| Untracked 
| 216|0x000000008d800000, 0x000000008d800000, 0x000000008d900000|  0%| F|  |TAMS 0x000000008d800000, 0x000000008d800000| Untracked 
| 217|0x000000008d900000, 0x000000008d900000, 0x000000008da00000|  0%| F|  |TAMS 0x000000008d900000, 0x000000008d900000| Untracked 
| 218|0x000000008da00000, 0x000000008da00000, 0x000000008db00000|  0%| F|  |TAMS 0x000000008da00000, 0x000000008da00000| Untracked 
| 219|0x000000008db00000, 0x000000008db00000, 0x000000008dc00000|  0%| F|  |TAMS 0x000000008db00000, 0x000000008db00000| Untracked 
| 220|0x000000008dc00000, 0x000000008dc00000, 0x000000008dd00000|  0%| F|  |TAMS 0x000000008dc00000, 0x000000008dc00000| Untracked 
| 221|0x000000008dd00000, 0x000000008dd00000, 0x000000008de00000|  0%| F|  |TAMS 0x000000008dd00000, 0x000000008dd00000| Untracked 
| 222|0x000000008de00000, 0x000000008de00000, 0x000000008df00000|  0%| F|  |TAMS 0x000000008de00000, 0x000000008de00000| Untracked 
| 223|0x000000008df00000, 0x000000008df00000, 0x000000008e000000|  0%| F|  |TAMS 0x000000008df00000, 0x000000008df00000| Untracked 
| 224|0x000000008e000000, 0x000000008e000000, 0x000000008e100000|  0%| F|  |TAMS 0x000000008e000000, 0x000000008e000000| Untracked 
| 225|0x000000008e100000, 0x000000008e100000, 0x000000008e200000|  0%| F|  |TAMS 0x000000008e100000, 0x000000008e100000| Untracked 
| 226|0x000000008e200000, 0x000000008e200000, 0x000000008e300000|  0%| F|  |TAMS 0x000000008e200000, 0x000000008e200000| Untracked 
| 227|0x000000008e300000, 0x000000008e300000, 0x000000008e400000|  0%| F|  |TAMS 0x000000008e300000, 0x000000008e300000| Untracked 
| 228|0x000000008e400000, 0x000000008e400000, 0x000000008e500000|  0%| F|  |TAMS 0x000000008e400000, 0x000000008e400000| Untracked 
| 229|0x000000008e500000, 0x000000008e500000, 0x000000008e600000|  0%| F|  |TAMS 0x000000008e500000, 0x000000008e500000| Untracked 
| 230|0x000000008e600000, 0x000000008e600000, 0x000000008e700000|  0%| F|  |TAMS 0x000000008e600000, 0x000000008e600000| Untracked 
| 231|0x000000008e700000, 0x000000008e700000, 0x000000008e800000|  0%| F|  |TAMS 0x000000008e700000, 0x000000008e700000| Untracked 
| 232|0x000000008e800000, 0x000000008e800000, 0x000000008e900000|  0%| F|  |TAMS 0x000000008e800000, 0x000000008e800000| Untracked 
| 233|0x000000008e900000, 0x000000008e900000, 0x000000008ea00000|  0%| F|  |TAMS 0x000000008e900000, 0x000000008e900000| Untracked 
| 234|0x000000008ea00000, 0x000000008eab5620, 0x000000008eb00000| 70%| E|  |TAMS 0x000000008ea00000, 0x000000008ea00000| Complete 
| 235|0x000000008eb00000, 0x000000008ec00000, 0x000000008ec00000|100%| E|CS|TAMS 0x000000008eb00000, 0x000000008eb00000| Complete 
| 236|0x000000008ec00000, 0x000000008ed00000, 0x000000008ed00000|100%| E|CS|TAMS 0x000000008ec00000, 0x000000008ec00000| Complete 
| 237|0x000000008ed00000, 0x000000008ee00000, 0x000000008ee00000|100%| E|CS|TAMS 0x000000008ed00000, 0x000000008ed00000| Complete 
| 238|0x000000008ee00000, 0x000000008ef00000, 0x000000008ef00000|100%| E|CS|TAMS 0x000000008ee00000, 0x000000008ee00000| Complete 
| 239|0x000000008ef00000, 0x000000008f000000, 0x000000008f000000|100%| E|CS|TAMS 0x000000008ef00000, 0x000000008ef00000| Complete 
| 240|0x000000008f000000, 0x000000008f100000, 0x000000008f100000|100%| E|CS|TAMS 0x000000008f000000, 0x000000008f000000| Complete 
| 241|0x000000008f100000, 0x000000008f200000, 0x000000008f200000|100%| E|CS|TAMS 0x000000008f100000, 0x000000008f100000| Complete 
| 242|0x000000008f200000, 0x000000008f300000, 0x000000008f300000|100%| E|CS|TAMS 0x000000008f200000, 0x000000008f200000| Complete 
| 243|0x000000008f300000, 0x000000008f400000, 0x000000008f400000|100%| E|CS|TAMS 0x000000008f300000, 0x000000008f300000| Complete 
| 244|0x000000008f400000, 0x000000008f500000, 0x000000008f500000|100%| E|CS|TAMS 0x000000008f400000, 0x000000008f400000| Complete 
| 245|0x000000008f500000, 0x000000008f600000, 0x000000008f600000|100%| E|CS|TAMS 0x000000008f500000, 0x000000008f500000| Complete 
| 246|0x000000008f600000, 0x000000008f700000, 0x000000008f700000|100%| E|CS|TAMS 0x000000008f600000, 0x000000008f600000| Complete 
| 247|0x000000008f700000, 0x000000008f800000, 0x000000008f800000|100%| E|CS|TAMS 0x000000008f700000, 0x000000008f700000| Complete 
| 248|0x000000008f800000, 0x000000008f900000, 0x000000008f900000|100%| E|CS|TAMS 0x000000008f800000, 0x000000008f800000| Complete 
| 249|0x000000008f900000, 0x000000008fa00000, 0x000000008fa00000|100%| E|CS|TAMS 0x000000008f900000, 0x000000008f900000| Complete 
| 250|0x000000008fa00000, 0x000000008fb00000, 0x000000008fb00000|100%| E|CS|TAMS 0x000000008fa00000, 0x000000008fa00000| Complete 
| 251|0x000000008fb00000, 0x000000008fc00000, 0x000000008fc00000|100%| E|CS|TAMS 0x000000008fb00000, 0x000000008fb00000| Complete 
| 252|0x000000008fc00000, 0x000000008fd00000, 0x000000008fd00000|100%| E|CS|TAMS 0x000000008fc00000, 0x000000008fc00000| Complete 
| 253|0x000000008fd00000, 0x000000008fe00000, 0x000000008fe00000|100%| E|CS|TAMS 0x000000008fd00000, 0x000000008fd00000| Complete 

Card table byte_map: [0x0000016cfaf70000,0x0000016cfb370000] _byte_map_base: 0x0000016cfab70000

Marking Bits (Prev, Next): (CMBitMap*) 0x0000016cfab1b4e0, (CMBitMap*) 0x0000016cfab1b520
 Prev Bits: [0x0000016cfb770000, 0x0000016cfd770000)
 Next Bits: [0x0000016cfd770000, 0x0000016cff770000)

Polling page: 0x0000016cf8970000

Metaspace:

Usage:
  Non-class:     86.89 MB used.
      Class:     13.90 MB used.
       Both:    100.79 MB used.

Virtual space:
  Non-class space:      128.00 MB reserved,      87.44 MB ( 68%) committed,  2 nodes.
      Class space:      416.00 MB reserved,      14.44 MB (  3%) committed,  1 nodes.
             Both:      544.00 MB reserved,     101.88 MB ( 19%) committed. 

Chunk freelists:
   Non-Class:  7.83 MB
       Class:  1.60 MB
        Both:  9.43 MB

MaxMetaspaceSize: 512.00 MB
CompressedClassSpaceSize: 416.00 MB
Initial GC threshold: 21.00 MB
Current GC threshold: 152.62 MB
CDS: on
MetaspaceReclaimPolicy: balanced
 - commit_granule_bytes: 65536.
 - commit_granule_words: 8192.
 - virtual_space_node_default_size: 8388608.
 - enlarge_chunks_in_place: 1.
 - new_chunks_are_fully_committed: 0.
 - uncommit_free_chunks: 1.
 - use_allocation_guard: 0.
 - handle_deallocations: 1.


Internal statistics:

num_allocs_failed_limit: 6.
num_arena_births: 1354.
num_arena_deaths: 0.
num_vsnodes_births: 3.
num_vsnodes_deaths: 0.
num_space_committed: 1629.
num_space_uncommitted: 0.
num_chunks_returned_to_freelist: 6.
num_chunks_taken_from_freelist: 5944.
num_chunk_merges: 6.
num_chunk_splits: 3802.
num_chunks_enlarged: 2391.
num_inconsistent_stats: 0.

CodeHeap 'non-profiled nmethods': size=120000Kb used=10088Kb max_used=10088Kb free=109911Kb
 bounds [0x0000016c8f510000, 0x0000016c8fef0000, 0x0000016c96a40000]
CodeHeap 'profiled nmethods': size=120000Kb used=27297Kb max_used=27297Kb free=92703Kb
 bounds [0x0000016c87a40000, 0x0000016c894f0000, 0x0000016c8ef70000]
CodeHeap 'non-nmethods': size=5760Kb used=2403Kb max_used=2493Kb free=3356Kb
 bounds [0x0000016c8ef70000, 0x0000016c8f200000, 0x0000016c8f510000]
 total_blobs=14660 nmethods=13724 adapters=846
 compilation: enabled
              stopped_count=0, restarted_count=0
 full_count=0

Compilation events (20 events):
Event: 235.053 Thread 0x0000016cbd8cf9a0 15857       4       com.google.common.cache.LocalCache$Segment::evictEntries (106 bytes)
Event: 235.096 Thread 0x0000016cbd8cf9a0 nmethod 15857 0x0000016c8fed6710 code [0x0000016c8fed6940, 0x0000016c8fed78e8]
Event: 235.096 Thread 0x0000016cbd8cf9a0 15858       4       com.google.common.cache.LocalCache$Segment::setValue (82 bytes)
Event: 235.101 Thread 0x0000016cbd8cf9a0 nmethod 15858 0x0000016c8fed8590 code [0x0000016c8fed8740, 0x0000016c8fed8aa8]
Event: 235.102 Thread 0x0000016cbd8cf9a0 15859       4       com.google.common.cache.LocalCache$Strength$1::referenceValue (28 bytes)
Event: 235.102 Thread 0x0000016cffc888b0 nmethod 15849 0x0000016c8fed8e10 code [0x0000016c8fed9100, 0x0000016c8fedaf80]
Event: 235.103 Thread 0x0000016cbd8cf9a0 nmethod 15859 0x0000016c8fedc390 code [0x0000016c8fedc520, 0x0000016c8fedc618]
Event: 235.103 Thread 0x0000016cbd8cf9a0 15860       4       com.google.common.cache.LocalCache::isExpired (57 bytes)
Event: 235.105 Thread 0x0000016cbd8cf9a0 nmethod 15860 0x0000016c8fedc710 code [0x0000016c8fedc8a0, 0x0000016c8fedc9b8]
Event: 235.110 Thread 0x0000016cffc89270 15861   !   3       sun.nio.fs.WindowsChannelFactory::open (457 bytes)
Event: 235.112 Thread 0x0000016cffc89270 nmethod 15861 0x0000016c894ddf90 code [0x0000016c894de2a0, 0x0000016c894df788]
Event: 235.112 Thread 0x0000016cffc89270 15862   !   3       sun.nio.fs.WindowsNativeDispatcher::CreateFile (41 bytes)
Event: 235.113 Thread 0x0000016cffc89270 nmethod 15862 0x0000016c894dff10 code [0x0000016c894e0100, 0x0000016c894e0458]
Event: 235.114 Thread 0x0000016cbd8cf9a0 15863   !   4       org.gradle.cache.internal.DefaultMultiProcessSafeIndexedCache::getIfPresent (25 bytes)
Event: 235.116 Thread 0x0000016cffc888b0 15864       4       org.gradle.cache.internal.DefaultCacheCoordinator$UnitOfWorkFileAccess::readFile (14 bytes)
Event: 235.147 Thread 0x0000016cffc89270 15865       3       sun.nio.fs.WindowsChannelFactory::newFileChannel (130 bytes)
Event: 235.148 Thread 0x0000016cffc89270 nmethod 15865 0x0000016c894e0690 code [0x0000016c894e0880, 0x0000016c894e0da8]
Event: 235.149 Thread 0x0000016cffc89270 15866       3       sun.nio.fs.WindowsChannelFactory$Flags::<init> (20 bytes)
Event: 235.149 Thread 0x0000016cffc89270 nmethod 15866 0x0000016c894e0f90 code [0x0000016c894e1120, 0x0000016c894e1298]
Event: 235.177 Thread 0x0000016cffc888b0 nmethod 15864 0x0000016c8fedcf10 code [0x0000016c8fedd1c0, 0x0000016c8fede920]

GC Heap History (20 events):
Event: 213.144 GC heap before
{Heap before GC invocations=56 (full 0):
 garbage-first heap   total 177152K, used 153762K [0x0000000080000000, 0x0000000100000000)
  region size 1024K, 10 young (10240K), 2 survivors (2048K)
 Metaspace       used 92671K, committed 93632K, reserved 557056K
  class space    used 12915K, committed 13376K, reserved 425984K
}
Event: 213.149 GC heap after
{Heap after GC invocations=57 (full 0):
 garbage-first heap   total 177152K, used 149423K [0x0000000080000000, 0x0000000100000000)
  region size 1024K, 2 young (2048K), 2 survivors (2048K)
 Metaspace       used 92671K, committed 93632K, reserved 557056K
  class space    used 12915K, committed 13376K, reserved 425984K
}
Event: 213.778 GC heap before
{Heap before GC invocations=57 (full 0):
 garbage-first heap   total 177152K, used 155567K [0x0000000080000000, 0x0000000100000000)
  region size 1024K, 8 young (8192K), 2 survivors (2048K)
 Metaspace       used 92772K, committed 93760K, reserved 557056K
  class space    used 12924K, committed 13376K, reserved 425984K
}
Event: 213.789 GC heap after
{Heap after GC invocations=58 (full 0):
 garbage-first heap   total 177152K, used 150208K [0x0000000080000000, 0x0000000100000000)
  region size 1024K, 1 young (1024K), 1 survivors (1024K)
 Metaspace       used 92772K, committed 93760K, reserved 557056K
  class space    used 12924K, committed 13376K, reserved 425984K
}
Event: 215.089 GC heap before
{Heap before GC invocations=59 (full 0):
 garbage-first heap   total 260096K, used 160448K [0x0000000080000000, 0x0000000100000000)
  region size 1024K, 12 young (12288K), 1 survivors (1024K)
 Metaspace       used 93121K, committed 94144K, reserved 557056K
  class space    used 12973K, committed 13440K, reserved 425984K
}
Event: 215.100 GC heap after
{Heap after GC invocations=60 (full 0):
 garbage-first heap   total 260096K, used 151420K [0x0000000080000000, 0x0000000100000000)
  region size 1024K, 2 young (2048K), 2 survivors (2048K)
 Metaspace       used 93121K, committed 94144K, reserved 557056K
  class space    used 12973K, committed 13440K, reserved 425984K
}
Event: 215.570 GC heap before
{Heap before GC invocations=60 (full 0):
 garbage-first heap   total 260096K, used 161660K [0x0000000080000000, 0x0000000100000000)
  region size 1024K, 12 young (12288K), 2 survivors (2048K)
 Metaspace       used 93676K, committed 94720K, reserved 557056K
  class space    used 13050K, committed 13504K, reserved 425984K
}
Event: 215.579 GC heap after
{Heap after GC invocations=61 (full 0):
 garbage-first heap   total 260096K, used 150445K [0x0000000080000000, 0x0000000100000000)
  region size 1024K, 1 young (1024K), 1 survivors (1024K)
 Metaspace       used 93676K, committed 94720K, reserved 557056K
  class space    used 13050K, committed 13504K, reserved 425984K
}
Event: 218.568 GC heap before
{Heap before GC invocations=61 (full 0):
 garbage-first heap   total 260096K, used 197549K [0x0000000080000000, 0x0000000100000000)
  region size 1024K, 47 young (48128K), 1 survivors (1024K)
 Metaspace       used 97650K, committed 98688K, reserved 557056K
  class space    used 13637K, committed 14144K, reserved 425984K
}
Event: 218.583 GC heap after
{Heap after GC invocations=62 (full 0):
 garbage-first heap   total 260096K, used 152435K [0x0000000080000000, 0x0000000100000000)
  region size 1024K, 3 young (3072K), 3 survivors (3072K)
 Metaspace       used 97650K, committed 98688K, reserved 557056K
  class space    used 13637K, committed 14144K, reserved 425984K
}
Event: 224.090 GC heap before
{Heap before GC invocations=62 (full 0):
 garbage-first heap   total 260096K, used 202611K [0x0000000080000000, 0x0000000100000000)
  region size 1024K, 52 young (53248K), 3 survivors (3072K)
 Metaspace       used 99264K, committed 100352K, reserved 557056K
  class space    used 13845K, committed 14336K, reserved 425984K
}
Event: 224.109 GC heap after
{Heap after GC invocations=63 (full 0):
 garbage-first heap   total 260096K, used 158312K [0x0000000080000000, 0x0000000100000000)
  region size 1024K, 7 young (7168K), 7 survivors (7168K)
 Metaspace       used 99264K, committed 100352K, reserved 557056K
  class space    used 13845K, committed 14336K, reserved 425984K
}
Event: 226.917 GC heap before
{Heap before GC invocations=63 (full 0):
 garbage-first heap   total 260096K, used 206440K [0x0000000080000000, 0x0000000100000000)
  region size 1024K, 54 young (55296K), 7 survivors (7168K)
 Metaspace       used 99706K, committed 100800K, reserved 557056K
  class space    used 13875K, committed 14400K, reserved 425984K
}
Event: 226.945 GC heap after
{Heap after GC invocations=64 (full 0):
 garbage-first heap   total 260096K, used 163567K [0x0000000080000000, 0x0000000100000000)
  region size 1024K, 5 young (5120K), 5 survivors (5120K)
 Metaspace       used 99706K, committed 100800K, reserved 557056K
  class space    used 13875K, committed 14400K, reserved 425984K
}
Event: 229.573 GC heap before
{Heap before GC invocations=64 (full 0):
 garbage-first heap   total 260096K, used 213743K [0x0000000080000000, 0x0000000100000000)
  region size 1024K, 50 young (51200K), 5 survivors (5120K)
 Metaspace       used 102099K, committed 103168K, reserved 557056K
  class space    used 14084K, committed 14592K, reserved 425984K
}
Event: 229.595 GC heap after
{Heap after GC invocations=65 (full 0):
 garbage-first heap   total 260096K, used 169876K [0x0000000080000000, 0x0000000100000000)
  region size 1024K, 6 young (6144K), 6 survivors (6144K)
 Metaspace       used 102099K, committed 103168K, reserved 557056K
  class space    used 14084K, committed 14592K, reserved 425984K
}
Event: 233.272 GC heap before
{Heap before GC invocations=65 (full 0):
 garbage-first heap   total 260096K, used 211860K [0x0000000080000000, 0x0000000100000000)
  region size 1024K, 48 young (49152K), 6 survivors (6144K)
 Metaspace       used 102650K, committed 103744K, reserved 557056K
  class space    used 14142K, committed 14656K, reserved 425984K
}
Event: 233.290 GC heap after
{Heap after GC invocations=66 (full 0):
 garbage-first heap   total 260096K, used 174466K [0x0000000080000000, 0x0000000100000000)
  region size 1024K, 5 young (5120K), 5 survivors (5120K)
 Metaspace       used 102650K, committed 103744K, reserved 557056K
  class space    used 14142K, committed 14656K, reserved 425984K
}
Event: 235.020 GC heap before
{Heap before GC invocations=66 (full 0):
 garbage-first heap   total 260096K, used 214402K [0x0000000080000000, 0x0000000100000000)
  region size 1024K, 45 young (46080K), 5 survivors (5120K)
 Metaspace       used 103190K, committed 104320K, reserved 557056K
  class space    used 14232K, committed 14784K, reserved 425984K
}
Event: 235.036 GC heap after
{Heap after GC invocations=67 (full 0):
 garbage-first heap   total 260096K, used 178813K [0x0000000080000000, 0x0000000100000000)
  region size 1024K, 6 young (6144K), 6 survivors (6144K)
 Metaspace       used 103190K, committed 104320K, reserved 557056K
  class space    used 14232K, committed 14784K, reserved 425984K
}

Dll operation events (14 events):
Event: 0.039 Loaded shared library C:\Program Files\Microsoft\jdk-17.0.8.7-hotspot\bin\java.dll
Event: 0.056 Loaded shared library C:\Program Files\Microsoft\jdk-17.0.8.7-hotspot\bin\jsvml.dll
Event: 0.116 Loaded shared library C:\Program Files\Microsoft\jdk-17.0.8.7-hotspot\bin\zip.dll
Event: 0.121 Loaded shared library C:\Program Files\Microsoft\jdk-17.0.8.7-hotspot\bin\instrument.dll
Event: 0.126 Loaded shared library C:\Program Files\Microsoft\jdk-17.0.8.7-hotspot\bin\net.dll
Event: 0.129 Loaded shared library C:\Program Files\Microsoft\jdk-17.0.8.7-hotspot\bin\nio.dll
Event: 0.132 Loaded shared library C:\Program Files\Microsoft\jdk-17.0.8.7-hotspot\bin\zip.dll
Event: 0.457 Loaded shared library C:\Program Files\Microsoft\jdk-17.0.8.7-hotspot\bin\jimage.dll
Event: 0.588 Loaded shared library C:\Program Files\Microsoft\jdk-17.0.8.7-hotspot\bin\verify.dll
Event: 0.869 Loaded shared library C:\Users\ssk\.gradle\native\68d5fa5c4cc2d200863cafc0d521ce42e7d3e7ee720ec0a83991735586a16f82\windows-amd64\native-platform.dll
Event: 0.930 Loaded shared library C:\Users\ssk\.gradle\native\e376f236ea51e6404a007f0833ffe2c6e607c4080706a723a18a27aeea778392\windows-amd64\native-platform-file-events.dll
Event: 2.666 Loaded shared library C:\Program Files\Microsoft\jdk-17.0.8.7-hotspot\bin\management.dll
Event: 2.669 Loaded shared library C:\Program Files\Microsoft\jdk-17.0.8.7-hotspot\bin\management_ext.dll
Event: 4.204 Loaded shared library C:\Program Files\Microsoft\jdk-17.0.8.7-hotspot\bin\sunmscapi.dll

Deoptimization events (20 events):
Event: 234.585 Thread 0x0000016cb96ea6b0 Uncommon trap: trap_request=0xffffffbe fr.pc=0x0000016c8feb5e10 relative=0x0000000000000470
Event: 234.585 Thread 0x0000016cb96ea6b0 Uncommon trap: reason=profile_predicate action=maybe_recompile pc=0x0000016c8feb5e10 method=java.util.Collections.indexedBinarySearch(Ljava/util/List;Ljava/lang/Object;Ljava/util/Comparator;)I @ 15 c2
Event: 234.585 Thread 0x0000016cb96ea6b0 DEOPT PACKING pc=0x0000016c8feb5e10 sp=0x0000003ecf4fa780
Event: 234.585 Thread 0x0000016cb96ea6b0 DEOPT UNPACKING pc=0x0000016c8efc69a3 sp=0x0000003ecf4fa5f0 mode 2
Event: 234.585 Thread 0x0000016cb96ea6b0 Uncommon trap: trap_request=0xffffffbe fr.pc=0x0000016c8feb5e10 relative=0x0000000000000470
Event: 234.585 Thread 0x0000016cb96ea6b0 Uncommon trap: reason=profile_predicate action=maybe_recompile pc=0x0000016c8feb5e10 method=java.util.Collections.indexedBinarySearch(Ljava/util/List;Ljava/lang/Object;Ljava/util/Comparator;)I @ 15 c2
Event: 234.585 Thread 0x0000016cb96ea6b0 DEOPT PACKING pc=0x0000016c8feb5e10 sp=0x0000003ecf4fa780
Event: 234.585 Thread 0x0000016cb96ea6b0 DEOPT UNPACKING pc=0x0000016c8efc69a3 sp=0x0000003ecf4fa5f0 mode 2
Event: 234.585 Thread 0x0000016cb96ea6b0 Uncommon trap: trap_request=0xffffffbe fr.pc=0x0000016c8feb5e10 relative=0x0000000000000470
Event: 234.585 Thread 0x0000016cb96ea6b0 Uncommon trap: reason=profile_predicate action=maybe_recompile pc=0x0000016c8feb5e10 method=java.util.Collections.indexedBinarySearch(Ljava/util/List;Ljava/lang/Object;Ljava/util/Comparator;)I @ 15 c2
Event: 234.585 Thread 0x0000016cb96ea6b0 DEOPT PACKING pc=0x0000016c8feb5e10 sp=0x0000003ecf4fa770
Event: 234.585 Thread 0x0000016cb96ea6b0 DEOPT UNPACKING pc=0x0000016c8efc69a3 sp=0x0000003ecf4fa5e0 mode 2
Event: 234.585 Thread 0x0000016cb96ea6b0 Uncommon trap: trap_request=0xffffffbe fr.pc=0x0000016c8feb2da0 relative=0x0000000000000400
Event: 234.585 Thread 0x0000016cb96ea6b0 Uncommon trap: reason=profile_predicate action=maybe_recompile pc=0x0000016c8feb2da0 method=java.util.Collections.indexedBinarySearch(Ljava/util/List;Ljava/lang/Object;Ljava/util/Comparator;)I @ 15 c2
Event: 234.585 Thread 0x0000016cb96ea6b0 DEOPT PACKING pc=0x0000016c8feb2da0 sp=0x0000003ecf4fa3f0
Event: 234.585 Thread 0x0000016cb96ea6b0 DEOPT UNPACKING pc=0x0000016c8efc69a3 sp=0x0000003ecf4fa2c0 mode 2
Event: 234.586 Thread 0x0000016cb96ea6b0 Uncommon trap: trap_request=0xfffffff4 fr.pc=0x0000016c8feb1f00 relative=0x00000000000000e0
Event: 234.586 Thread 0x0000016cb96ea6b0 Uncommon trap: reason=null_check action=make_not_entrant pc=0x0000016c8feb1f00 method=org.gradle.tooling.internal.provider.runner.ClientBuildEventGenerator$Disabled.accept(Lorg/gradle/internal/operations/BuildOperationDescriptor;)Lorg/gradle/tooling/inter
Event: 234.586 Thread 0x0000016cb96ea6b0 DEOPT PACKING pc=0x0000016c8feb1f00 sp=0x0000003ecf4fadd0
Event: 234.586 Thread 0x0000016cb96ea6b0 DEOPT UNPACKING pc=0x0000016c8efc69a3 sp=0x0000003ecf4fad58 mode 2

Classes unloaded (0 events):
No events

Classes redefined (0 events):
No events

Internal exceptions (20 events):
Event: 224.008 Thread 0x0000016cb9d5a3a0 Exception <a 'java/lang/IncompatibleClassChangeError'{0x000000008cbec950}: Found class java.lang.Object, but interface was expected> (0x000000008cbec950) 
thrown [s\src\hotspot\share\interpreter\linkResolver.cpp, line 826]
Event: 224.406 Thread 0x0000016cb9d5a3a0 Exception <a 'sun/nio/fs/WindowsException'{0x000000008f572f58}> (0x000000008f572f58) 
thrown [s\src\hotspot\share\prims\jni.cpp, line 516]
Event: 224.406 Thread 0x0000016cb9d5a3a0 Exception <a 'sun/nio/fs/WindowsException'{0x000000008f574518}> (0x000000008f574518) 
thrown [s\src\hotspot\share\prims\jni.cpp, line 516]
Event: 224.407 Thread 0x0000016cb9d5a3a0 Exception <a 'sun/nio/fs/WindowsException'{0x000000008f575b28}> (0x000000008f575b28) 
thrown [s\src\hotspot\share\prims\jni.cpp, line 516]
Event: 224.407 Thread 0x0000016cb9d5a3a0 Exception <a 'sun/nio/fs/WindowsException'{0x000000008f577138}> (0x000000008f577138) 
thrown [s\src\hotspot\share\prims\jni.cpp, line 516]
Event: 228.968 Thread 0x0000016cb9d5a3a0 Exception <a 'java/lang/NoSuchMethodError'{0x000000008db249b0}: static Lcom/android/build/gradle/internal/profile/ProjectData;.<clinit>()V> (0x000000008db249b0) 
thrown [s\src\hotspot\share\prims\jni.cpp, line 1107]
Event: 229.006 Thread 0x0000016cb9d5a3a0 Exception <a 'java/lang/NoSuchMethodError'{0x000000008dba2708}: static Lcom/android/build/gradle/internal/profile/TaskMetadata;.<clinit>()V> (0x000000008dba2708) 
thrown [s\src\hotspot\share\prims\jni.cpp, line 1107]
Event: 229.248 Thread 0x0000016cb9d5a3a0 Exception <a 'sun/nio/fs/WindowsException'{0x000000008d7fd570}> (0x000000008d7fd570) 
thrown [s\src\hotspot\share\prims\jni.cpp, line 516]
Event: 229.522 Thread 0x0000016cb96ea6b0 Exception <a 'java/lang/NoSuchMethodError'{0x000000008d28fcd0}: 'void java.lang.invoke.DirectMethodHandle$Holder.invokeStatic(java.lang.Object, java.lang.Object, java.lang.Object, java.lang.Object, int, java.lang.Object, java.lang.Object)'> (0x000000008d28fcd0) 
thrown [s\src\hotspot\share\interpreter\linkResolver.cpp, line 759]
Event: 229.615 Thread 0x0000016cb96ea6b0 Exception <a 'java/lang/NoSuchMethodError'{0x000000008fda5180}: 'java.lang.Object java.lang.invoke.DirectMethodHandle$Holder.invokeSpecialIFC(java.lang.Object, java.lang.Object, java.lang.Object)'> (0x000000008fda5180) 
thrown [s\src\hotspot\share\interpreter\linkResolver.cpp, line 759]
Event: 229.616 Thread 0x0000016cc37f6020 Exception <a 'java/lang/NoSuchMethodError'{0x000000008fd8e728}: 'java.lang.Object java.lang.invoke.DirectMethodHandle$Holder.invokeSpecialIFC(java.lang.Object, java.lang.Object, java.lang.Object)'> (0x000000008fd8e728) 
thrown [s\src\hotspot\share\interpreter\linkResolver.cpp, line 759]
Event: 230.622 Thread 0x0000016cc37f6a40 Exception <a 'java/lang/NoSuchMethodError'{0x000000008f51f260}: 'void java.lang.invoke.DirectMethodHandle$Holder.invokeVirtual(java.lang.Object, java.lang.Object)'> (0x000000008f51f260) 
thrown [s\src\hotspot\share\interpreter\linkResolver.cpp, line 759]
Event: 233.742 Thread 0x0000016cb96ebaf0 Exception <a 'java/lang/ClassNotFoundException'{0x000000008f38ccc8}: groovy/util/FileTreeBuilderBeanInfo> (0x000000008f38ccc8) 
thrown [s\src\hotspot\share\classfile\systemDictionary.cpp, line 256]
Event: 233.748 Thread 0x0000016cb96ebaf0 Exception <a 'java/lang/ClassNotFoundException'{0x000000008f21ea50}: groovy/util/FileTreeBuilderCustomizer> (0x000000008f21ea50) 
thrown [s\src\hotspot\share\classfile\systemDictionary.cpp, line 256]
Event: 233.772 Thread 0x0000016cb96ebaf0 Exception <a 'java/lang/ClassNotFoundException'{0x000000008f256320}: java/io/BufferedWriterBeanInfo> (0x000000008f256320) 
thrown [s\src\hotspot\share\classfile\systemDictionary.cpp, line 256]
Event: 233.773 Thread 0x0000016cb96ebaf0 Exception <a 'java/lang/ClassNotFoundException'{0x000000008f25b9a0}: java/io/WriterBeanInfo> (0x000000008f25b9a0) 
thrown [s\src\hotspot\share\classfile\systemDictionary.cpp, line 256]
Event: 233.773 Thread 0x0000016cb96ebaf0 Exception <a 'java/lang/ClassNotFoundException'{0x000000008f260f90}: java/io/WriterCustomizer> (0x000000008f260f90) 
thrown [s\src\hotspot\share\classfile\systemDictionary.cpp, line 256]
Event: 233.774 Thread 0x0000016cb96ebaf0 Exception <a 'java/lang/ClassNotFoundException'{0x000000008f26f718}: java/io/BufferedWriterCustomizer> (0x000000008f26f718) 
thrown [s\src\hotspot\share\classfile\systemDictionary.cpp, line 256]
Event: 234.220 Thread 0x0000016cb96e6f00 Exception <a 'java/lang/NoSuchMethodError'{0x000000008f120ab8}: static Lcom/android/build/api/variant/BuildConfigField;.<clinit>()V> (0x000000008f120ab8) 
thrown [s\src\hotspot\share\prims\jni.cpp, line 1107]
Event: 234.586 Thread 0x0000016cb96ea6b0 Implicit null exception at 0x0000016c8feb1e60 to 0x0000016c8feb1ef4

VM Operations (20 events):
Event: 229.918 Executing VM operation: HandshakeAllThreads
Event: 229.918 Executing VM operation: HandshakeAllThreads done
Event: 229.921 Executing VM operation: HandshakeAllThreads
Event: 229.921 Executing VM operation: HandshakeAllThreads done
Event: 230.921 Executing VM operation: Cleanup
Event: 230.922 Executing VM operation: Cleanup done
Event: 231.929 Executing VM operation: Cleanup
Event: 231.930 Executing VM operation: Cleanup done
Event: 232.603 Executing VM operation: HandshakeAllThreads
Event: 232.619 Executing VM operation: HandshakeAllThreads done
Event: 232.647 Executing VM operation: ICBufferFull
Event: 232.673 Executing VM operation: ICBufferFull done
Event: 233.272 Executing VM operation: G1CollectForAllocation
Event: 233.290 Executing VM operation: G1CollectForAllocation done
Event: 233.534 Executing VM operation: HandshakeAllThreads
Event: 233.604 Executing VM operation: HandshakeAllThreads done
Event: 234.487 Executing VM operation: ICBufferFull
Event: 234.488 Executing VM operation: ICBufferFull done
Event: 235.020 Executing VM operation: G1CollectForAllocation
Event: 235.036 Executing VM operation: G1CollectForAllocation done

Events (20 events):
Event: 232.815 Thread 0x0000016cc37f9ce0 Thread added: 0x0000016cc37f9ce0
Event: 232.949 Thread 0x0000016cc3f5f840 Thread exited: 0x0000016cc3f5f840
Event: 233.514 Thread 0x0000016cc37fc050 Thread added: 0x0000016cc37fc050
Event: 233.772 loading class java/io/BufferedWriterBeanInfo
Event: 233.772 loading class java/io/BufferedWriterBeanInfo done
Event: 233.772 loading class java/io/BufferedWriterBeanInfo
Event: 233.772 loading class java/io/BufferedWriterBeanInfo done
Event: 233.773 loading class java/io/WriterBeanInfo
Event: 233.773 loading class java/io/WriterBeanInfo done
Event: 233.773 loading class java/io/WriterBeanInfo
Event: 233.773 loading class java/io/WriterBeanInfo done
Event: 233.773 loading class java/io/WriterCustomizer
Event: 233.773 loading class java/io/WriterCustomizer done
Event: 233.773 loading class java/io/WriterCustomizer
Event: 233.773 loading class java/io/WriterCustomizer done
Event: 233.774 loading class java/io/BufferedWriterCustomizer
Event: 233.774 loading class java/io/BufferedWriterCustomizer done
Event: 233.774 loading class java/io/BufferedWriterCustomizer
Event: 233.774 loading class java/io/BufferedWriterCustomizer done
Event: 234.457 Thread 0x0000016cbd8cf9a0 Thread added: 0x0000016cbd8cf9a0


Dynamic libraries:
0x00007ff700c10000 - 0x00007ff700c1e000 	C:\Program Files\Microsoft\jdk-17.0.8.7-hotspot\bin\java.exe
0x00007ffd5f5b0000 - 0x00007ffd5f7c6000 	C:\WINDOWS\SYSTEM32\ntdll.dll
0x00007ffd5e090000 - 0x00007ffd5e154000 	C:\WINDOWS\System32\KERNEL32.DLL
0x00007ffd5ce80000 - 0x00007ffd5d227000 	C:\WINDOWS\System32\KERNELBASE.dll
0x00007ffd5c940000 - 0x00007ffd5ca51000 	C:\WINDOWS\System32\ucrtbase.dll
0x00007ffd29b80000 - 0x00007ffd29b9b000 	C:\Program Files\Microsoft\jdk-17.0.8.7-hotspot\bin\VCRUNTIME140.dll
0x00007ffd26e80000 - 0x00007ffd26e97000 	C:\Program Files\Microsoft\jdk-17.0.8.7-hotspot\bin\jli.dll
0x00007ffd5ef40000 - 0x00007ffd5f0ee000 	C:\WINDOWS\System32\USER32.dll
0x00007ffd5d230000 - 0x00007ffd5d256000 	C:\WINDOWS\System32\win32u.dll
0x00007ffd5f190000 - 0x00007ffd5f1b9000 	C:\WINDOWS\System32\GDI32.dll
0x00007ffd5cbd0000 - 0x00007ffd5cce9000 	C:\WINDOWS\System32\gdi32full.dll
0x00007ffd5cde0000 - 0x00007ffd5ce7a000 	C:\WINDOWS\System32\msvcp_win.dll
0x00007ffd49310000 - 0x00007ffd495a3000 	C:\WINDOWS\WinSxS\amd64_microsoft.windows.common-controls_6595b64144ccf1df_6.0.22621.3235_none_270f74e173860f98\COMCTL32.dll
0x00007ffd5e840000 - 0x00007ffd5e8e7000 	C:\WINDOWS\System32\msvcrt.dll
0x00007ffd5eee0000 - 0x00007ffd5ef11000 	C:\WINDOWS\System32\IMM32.DLL
0x00007ffd54d70000 - 0x00007ffd54d7c000 	C:\Program Files\Microsoft\jdk-17.0.8.7-hotspot\bin\vcruntime140_1.dll
0x00007ffd20af0000 - 0x00007ffd20b7d000 	C:\Program Files\Microsoft\jdk-17.0.8.7-hotspot\bin\msvcp140.dll
0x00007ffcbb1b0000 - 0x00007ffcbbe15000 	C:\Program Files\Microsoft\jdk-17.0.8.7-hotspot\bin\server\jvm.dll
0x00007ffd5f1c0000 - 0x00007ffd5f272000 	C:\WINDOWS\System32\ADVAPI32.dll
0x00007ffd5d5c0000 - 0x00007ffd5d668000 	C:\WINDOWS\System32\sechost.dll
0x00007ffd5cdb0000 - 0x00007ffd5cdd8000 	C:\WINDOWS\System32\bcrypt.dll
0x00007ffd5d2e0000 - 0x00007ffd5d3f5000 	C:\WINDOWS\System32\RPCRT4.dll
0x00007ffd5c050000 - 0x00007ffd5c09d000 	C:\WINDOWS\SYSTEM32\POWRPROF.dll
0x00007ffd343e0000 - 0x00007ffd343e9000 	C:\WINDOWS\SYSTEM32\WSOCK32.dll
0x00007ffd52960000 - 0x00007ffd52994000 	C:\WINDOWS\SYSTEM32\WINMM.dll
0x00007ffd5f4f0000 - 0x00007ffd5f561000 	C:\WINDOWS\System32\WS2_32.dll
0x00007ffd57790000 - 0x00007ffd5779a000 	C:\WINDOWS\SYSTEM32\VERSION.dll
0x00007ffd5c030000 - 0x00007ffd5c043000 	C:\WINDOWS\SYSTEM32\UMPDC.dll
0x00007ffd5b8d0000 - 0x00007ffd5b8e8000 	C:\WINDOWS\SYSTEM32\kernel.appcore.dll
0x00007ffd53550000 - 0x00007ffd5355a000 	C:\Program Files\Microsoft\jdk-17.0.8.7-hotspot\bin\jimage.dll
0x00007ffd5a220000 - 0x00007ffd5a453000 	C:\WINDOWS\SYSTEM32\DBGHELP.DLL
0x00007ffd5eb50000 - 0x00007ffd5eed8000 	C:\WINDOWS\System32\combase.dll
0x00007ffd5d740000 - 0x00007ffd5d817000 	C:\WINDOWS\System32\OLEAUT32.dll
0x00007ffd48100000 - 0x00007ffd48132000 	C:\WINDOWS\SYSTEM32\dbgcore.DLL
0x00007ffd5d260000 - 0x00007ffd5d2d9000 	C:\WINDOWS\System32\bcryptPrimitives.dll
0x00007ffd20e50000 - 0x00007ffd20e5e000 	C:\Program Files\Microsoft\jdk-17.0.8.7-hotspot\bin\instrument.dll
0x00007ffd26e50000 - 0x00007ffd26e75000 	C:\Program Files\Microsoft\jdk-17.0.8.7-hotspot\bin\java.dll
0x00007ffd06750000 - 0x00007ffd06827000 	C:\Program Files\Microsoft\jdk-17.0.8.7-hotspot\bin\jsvml.dll
0x00007ffd5d830000 - 0x00007ffd5e08c000 	C:\WINDOWS\System32\SHELL32.dll
0x00007ffd5a7e0000 - 0x00007ffd5b0d9000 	C:\WINDOWS\SYSTEM32\windows.storage.dll
0x00007ffd5a6a0000 - 0x00007ffd5a7de000 	C:\WINDOWS\SYSTEM32\wintypes.dll
0x00007ffd5e8f0000 - 0x00007ffd5e9e3000 	C:\WINDOWS\System32\SHCORE.dll
0x00007ffd5d670000 - 0x00007ffd5d6ce000 	C:\WINDOWS\System32\shlwapi.dll
0x00007ffd5c800000 - 0x00007ffd5c821000 	C:\WINDOWS\SYSTEM32\profapi.dll
0x00007ffd26460000 - 0x00007ffd26478000 	C:\Program Files\Microsoft\jdk-17.0.8.7-hotspot\bin\zip.dll
0x00007ffd26d70000 - 0x00007ffd26d89000 	C:\Program Files\Microsoft\jdk-17.0.8.7-hotspot\bin\net.dll
0x00007ffd52f00000 - 0x00007ffd53036000 	C:\WINDOWS\SYSTEM32\WINHTTP.dll
0x00007ffd5bd30000 - 0x00007ffd5bd99000 	C:\WINDOWS\system32\mswsock.dll
0x00007ffd26cd0000 - 0x00007ffd26ce6000 	C:\Program Files\Microsoft\jdk-17.0.8.7-hotspot\bin\nio.dll
0x00007ffd46230000 - 0x00007ffd46240000 	C:\Program Files\Microsoft\jdk-17.0.8.7-hotspot\bin\verify.dll
0x00007ffd20160000 - 0x00007ffd20187000 	C:\Users\ssk\.gradle\native\68d5fa5c4cc2d200863cafc0d521ce42e7d3e7ee720ec0a83991735586a16f82\windows-amd64\native-platform.dll
0x00007ffcd9700000 - 0x00007ffcd9844000 	C:\Users\ssk\.gradle\native\e376f236ea51e6404a007f0833ffe2c6e607c4080706a723a18a27aeea778392\windows-amd64\native-platform-file-events.dll
0x00007ffd26cc0000 - 0x00007ffd26cc9000 	C:\Program Files\Microsoft\jdk-17.0.8.7-hotspot\bin\management.dll
0x00007ffd20e60000 - 0x00007ffd20e6b000 	C:\Program Files\Microsoft\jdk-17.0.8.7-hotspot\bin\management_ext.dll
0x00007ffd5ef20000 - 0x00007ffd5ef28000 	C:\WINDOWS\System32\PSAPI.DLL
0x00007ffd5c170000 - 0x00007ffd5c18b000 	C:\WINDOWS\SYSTEM32\CRYPTSP.dll
0x00007ffd5b830000 - 0x00007ffd5b865000 	C:\WINDOWS\system32\rsaenh.dll
0x00007ffd5be40000 - 0x00007ffd5be68000 	C:\WINDOWS\SYSTEM32\USERENV.dll
0x00007ffd5c150000 - 0x00007ffd5c15c000 	C:\WINDOWS\SYSTEM32\CRYPTBASE.dll
0x00007ffd5b340000 - 0x00007ffd5b36d000 	C:\WINDOWS\SYSTEM32\IPHLPAPI.DLL
0x00007ffd5d820000 - 0x00007ffd5d829000 	C:\WINDOWS\System32\NSI.dll
0x00007ffd52ee0000 - 0x00007ffd52ef9000 	C:\WINDOWS\SYSTEM32\dhcpcsvc6.DLL
0x00007ffd52cf0000 - 0x00007ffd52d0f000 	C:\WINDOWS\SYSTEM32\dhcpcsvc.DLL
0x00007ffd5b3b0000 - 0x00007ffd5b4a9000 	C:\WINDOWS\SYSTEM32\DNSAPI.dll
0x00007ffd20500000 - 0x00007ffd2050e000 	C:\Program Files\Microsoft\jdk-17.0.8.7-hotspot\bin\sunmscapi.dll
0x00007ffd5ca60000 - 0x00007ffd5cbc7000 	C:\WINDOWS\System32\CRYPT32.dll
0x00007ffd5c270000 - 0x00007ffd5c29e000 	C:\WINDOWS\SYSTEM32\ncrypt.dll
0x00007ffd5c230000 - 0x00007ffd5c267000 	C:\WINDOWS\SYSTEM32\NTASN1.dll
0x00007ffd20150000 - 0x00007ffd20158000 	C:\WINDOWS\system32\wshunix.dll
0x00007ffd357d0000 - 0x00007ffd357e7000 	C:\WINDOWS\system32\napinsp.dll
0x00007ffd357b0000 - 0x00007ffd357cb000 	C:\WINDOWS\system32\pnrpnsp.dll
0x00007ffd35730000 - 0x00007ffd35741000 	C:\WINDOWS\System32\winrnr.dll
0x00007ffd4f380000 - 0x00007ffd4f395000 	C:\WINDOWS\system32\wshbth.dll
0x00007ffd35700000 - 0x00007ffd35721000 	C:\WINDOWS\system32\nlansp_c.dll
0x00007ffd4b940000 - 0x00007ffd4b94a000 	C:\Windows\System32\rasadhlp.dll
0x00007ffd4ed40000 - 0x00007ffd4edc3000 	C:\WINDOWS\System32\fwpuclnt.dll
0x00007ffd59680000 - 0x00007ffd59717000 	C:\WINDOWS\system32\apphelp.dll

dbghelp: loaded successfully - version: 4.0.5 - missing functions: none
symbol engine: initialized successfully - sym options: 0x614 - pdb path: .;C:\Program Files\Microsoft\jdk-17.0.8.7-hotspot\bin;C:\WINDOWS\SYSTEM32;C:\WINDOWS\WinSxS\amd64_microsoft.windows.common-controls_6595b64144ccf1df_6.0.22621.3235_none_270f74e173860f98;C:\Program Files\Microsoft\jdk-17.0.8.7-hotspot\bin\server;C:\Users\ssk\.gradle\native\68d5fa5c4cc2d200863cafc0d521ce42e7d3e7ee720ec0a83991735586a16f82\windows-amd64;C:\Users\ssk\.gradle\native\e376f236ea51e6404a007f0833ffe2c6e607c4080706a723a18a27aeea778392\windows-amd64

VM Arguments:
jvm_args: -XX:MaxMetaspaceSize=512m --add-opens=java.base/java.util=ALL-UNNAMED --add-opens=java.base/java.lang=ALL-UNNAMED --add-opens=java.base/java.lang.invoke=ALL-UNNAMED --add-opens=java.prefs/java.util.prefs=ALL-UNNAMED --add-opens=java.base/java.nio.charset=ALL-UNNAMED --add-opens=java.base/java.net=ALL-UNNAMED --add-opens=java.base/java.util.concurrent.atomic=ALL-UNNAMED -Xmx2048m -Dfile.encoding=x-windows-949 -Duser.country=KR -Duser.language=ko -Duser.variant -javaagent:C:\Users\ssk\.gradle\wrapper\dists\gradle-8.3-all\6en3ugtfdg5xnpx44z4qbwgas\gradle-8.3\lib\agents\gradle-instrumentation-agent-8.3.jar 
java_command: org.gradle.launcher.daemon.bootstrap.GradleDaemon 8.3
java_class_path (initial): C:\Users\ssk\.gradle\wrapper\dists\gradle-8.3-all\6en3ugtfdg5xnpx44z4qbwgas\gradle-8.3\lib\gradle-launcher-8.3.jar
Launcher Type: SUN_STANDARD

[Global flags]
     intx CICompilerCount                          = 3                                         {product} {ergonomic}
   size_t CompressedClassSpaceSize                 = 436207616                                 {product} {ergonomic}
     uint ConcGCThreads                            = 1                                         {product} {ergonomic}
     uint G1ConcRefinementThreads                  = 4                                         {product} {ergonomic}
   size_t G1HeapRegionSize                         = 1048576                                   {product} {ergonomic}
    uintx GCDrainStackTargetSize                   = 64                                        {product} {ergonomic}
   size_t InitialHeapSize                          = 199229440                                 {product} {ergonomic}
   size_t MarkStackSize                            = 4194304                                   {product} {ergonomic}
   size_t MaxHeapSize                              = 2147483648                                {product} {command line}
   size_t MaxMetaspaceSize                         = 536870912                                 {product} {command line}
   size_t MaxNewSize                               = 1287651328                                {product} {ergonomic}
   size_t MinHeapDeltaBytes                        = 1048576                                   {product} {ergonomic}
   size_t MinHeapSize                              = 8388608                                   {product} {ergonomic}
    uintx NonNMethodCodeHeapSize                   = 5832780                                {pd product} {ergonomic}
    uintx NonProfiledCodeHeapSize                  = 122912730                              {pd product} {ergonomic}
    uintx ProfiledCodeHeapSize                     = 122912730                              {pd product} {ergonomic}
    uintx ReservedCodeCacheSize                    = 251658240                              {pd product} {ergonomic}
     bool SegmentedCodeCache                       = true                                      {product} {ergonomic}
   size_t SoftMaxHeapSize                          = 2147483648                             {manageable} {ergonomic}
     bool UseCompressedClassPointers               = true                           {product lp64_product} {ergonomic}
     bool UseCompressedOops                        = true                           {product lp64_product} {ergonomic}
     bool UseG1GC                                  = true                                      {product} {ergonomic}
     bool UseLargePagesIndividualAllocation        = false                                  {pd product} {ergonomic}

Logging:
Log output configuration:
 #0: stdout all=warning uptime,level,tags
 #1: stderr all=off uptime,level,tags

Environment Variables:
JAVA_HOME=C:\Program Files\Microsoft\jdk-17.0.8.7-hotspot\
CLASSPATH=G:\programmer\art\ArtsConnectApp\android\\gradle\wrapper\gradle-wrapper.jar
PATH=G:\programmer\art\ArtsConnectApp\node_modules\.bin;G:\programmer\art\node_modules\.bin;G:\programmer\node_modules\.bin;G:\node_modules\.bin;C:\Program Files\nodejs\node_modules\npm\node_modules\@npmcli\run-script\lib\node-gyp-bin;C:\Python312\Scripts\;C:\Python312\;C:\Program Files\Microsoft\jdk-17.0.8.7-hotspot\bin;C:\Program Files (x86)\Common Files\Oracle\Java\javapath;C:\Program Files (x86)\Common Files\Intel\Shared Libraries\redist\intel64\compiler;C:\WINDOWS\system32;C:\WINDOWS;C:\WINDOWS\System32\Wbem;C:\WINDOWS\System32\WindowsPowerShell\v1.0\;C:\WINDOWS\System32\OpenSSH\;C:\Program Files (x86)\PuTTY\;C:\Program Files\Git\cmd;C:\Users\ssk\AppData\Roaming\nvm;C:\Program Files\nodejs;C:\Program Files\Docker\Docker\resources\bin;C:\ProgramData\chocolatey\bin;C:\Program Files\nodejs\;D:\ProgramFiles\Sdk\platform-tools;C:\Users\ssk\AppData\Local\Microsoft\WindowsApps;C:\Users\ssk\AppData\Local\Programs\Microsoft VS Code\bin;C:\Users\ssk\AppData\Roaming\nvm;C:\Program Files\nodejs;C:\Users\ssk\.detaspace\bin;C:\Users\ssk\AppData\Local\Microsoft\WindowsApps;C:\Users\ssk\AppData\Roaming\npm;D:\ProgramFiles\Sdk\platform-tools;;C:\Program Files (x86)\ESTsoft\ALSee\x64
USERNAME=ssk
LANG=ko_KR.UTF-8
OS=Windows_NT
PROCESSOR_IDENTIFIER=Intel64 Family 6 Model 142 Stepping 11, GenuineIntel
TMP=C:\Users\ssk\AppData\Local\Temp
TEMP=C:\Users\ssk\AppData\Local\Temp



---------------  S Y S T E M  ---------------

OS:
 Windows 11 , 64 bit Build 22621 (10.0.22621.3374)
OS uptime: 0 days 0:23 hours
Hyper-V role detected

CPU: total 4 (initial active 4) (2 cores per cpu, 2 threads per core) family 6 model 142 stepping 11 microcode 0xde, cx8, cmov, fxsr, ht, mmx, 3dnowpref, sse, sse2, sse3, ssse3, sse4.1, sse4.2, popcnt, lzcnt, tsc, tscinvbit, avx, avx2, aes, erms, clmul, bmi1, bmi2, adx, fma, vzeroupper, clflush, clflushopt, hv
Processor Information for all 4 processors :
  Max Mhz: 2304, Current Mhz: 2103, Mhz Limit: 2096

Memory: 4k page, system-wide physical 12082M (604M free)
TotalPageFile size 27442M (AvailPageFile size 14307M)
current process WorkingSet (physical memory assigned to process): 525M, peak: 553M
current process commit charge ("private bytes"): 587M, peak: 612M

vm_info: OpenJDK 64-Bit Server VM (17.0.8+7-LTS) for windows-amd64 JRE (17.0.8+7-LTS), built on Jul  7 2023 17:21:55 by "MicrosoftCorporation" with MS VC++ 16.10 / 16.11 (VS2019)

END.
